New log file opened at Wed Jan 06 15:34:10 CET 2016 by 2700@LOICK-TOSH
jvm 2700@LOICK-TOSH
jvm vmName=Java HotSpot(TM) Client VM vmVendor=Oracle Corporation vmVersion=25.45-b02
jvm specName=Java Virtual Machine Specification specVendor=Oracle Corporation specVersion=1.8
jvm arguments: [-Xms256m, -Xmx1024m, -XX:MetaspaceSize=64m, -XX:MaxMetaspaceSize=256m]
Starting event engine
Starting sbt command engine
Waiting for sbt command engine
Command engine arguments=List()
Command engine baseDirectory=C:\Users\LOICK\git\Projet3A
Command engine initial remaining commands List(--initialize, onFailure load-failed, boot, server-send-ready-for-request, server-handle-next-server-request)
> --initialize
> initialize
> onFailure load-failed
> boot
> reload
[Loading] Scanning directory C:\Users\LOICK\git\Projet3A\project
[Loading] Found non-root projects 
[Loading] Done in C:\Users\LOICK\git\Projet3A\project, returning: ()
deducing auto plugins based on known facts Set(Atom(sbt.plugins.CorePlugin)) and clauses Clauses(List(Clause(Atom(sbt.plugins.JvmPlugin),Set(Atom(sbt.plugins.IvyPlugin))), Clause(Atom(sbt.plugins.JUnitXmlReportPlugin),Set(Atom(sbt.plugins.JvmPlugin))), Clause(Atom(sbt.plugins.CorePlugin),Set(Atom(sbt.plugins.IvyPlugin))), Clause(Atom(sbt.plugins.IvyPlugin),Set(Atom(sbt.plugins.JvmPlugin))), Clause(Atom(sbt.plugins.JvmPlugin),Set(Atom(sbt.plugins.JUnitXmlReportPlugin)))))
  :: deduced result: Matched(sbt.plugins.CorePlugin,sbt.plugins.IvyPlugin,sbt.plugins.JvmPlugin,sbt.plugins.JUnitXmlReportPlugin)
sorting: ns: List(sbt.plugins.CorePlugin, sbt.plugins.IvyPlugin, sbt.plugins.JvmPlugin, sbt.plugins.JUnitXmlReportPlugin)
  :: sorting:: found: List(sbt.plugins.CorePlugin) not found List(sbt.plugins.IvyPlugin, sbt.plugins.JvmPlugin, sbt.plugins.JUnitXmlReportPlugin)
  :: sorting:: found: List(sbt.plugins.CorePlugin, sbt.plugins.IvyPlugin) not found List(sbt.plugins.JvmPlugin, sbt.plugins.JUnitXmlReportPlugin)
  :: sorting:: found: List(sbt.plugins.CorePlugin, sbt.plugins.IvyPlugin, sbt.plugins.JvmPlugin) not found List(sbt.plugins.JUnitXmlReportPlugin)
  :: sorting:: found: List(sbt.plugins.CorePlugin, sbt.plugins.IvyPlugin, sbt.plugins.JvmPlugin, sbt.plugins.JUnitXmlReportPlugin) not found List()
  :: sorted deduced result: List(sbt.plugins.CorePlugin, sbt.plugins.IvyPlugin, sbt.plugins.JvmPlugin, sbt.plugins.JUnitXmlReportPlugin)
[Loading] Done in C:\Users\LOICK\git\Projet3A\project, returning: (projet3a-build)
Loading project definition from C:\Users\LOICK\git\Projet3A\project
Running task... Cancel: sbt.TaskCancellationStrategy$Null$@1d09bad, check cycles: false

Initial source changes: 
	removed:Set()
	added: Set()
	modified: Set()
Removed products: Set()
External API changes: API Changes: Set()
Modified binary dependencies: Set()
Initial directly invalidated sources: Set()

Sources indirectly invalidated by:
	product: Set()
	binary dep: Set()
	external source: Set()
All initially invalidated sources: Set()

Copy resource mappings: 
	
[Loading] Scanning directory C:\Users\LOICK\git\Projet3A
[Loading] Found root project root w/ remaining 
deducing auto plugins based on known facts Set(Atom(play.sbt.PlayScala), Atom(sbt.plugins.CorePlugin)) and clauses Clauses(List(Clause(Atom(sbt.plugins.JvmPlugin),Set(Atom(sbt.plugins.IvyPlugin))), Clause(Atom(sbt.plugins.JUnitXmlReportPlugin),Set(Atom(sbt.plugins.JvmPlugin))), Clause(Atom(com.typesafe.sbteclipse.plugin.EclipsePlugin),Set(Atom(sbt.plugins.JvmPlugin))), Clause(Atom(play.sbt.forkrun.PlayForkRun),Set(Atom(sbt.plugins.BackgroundRunPlugin))), Clause(Atom(play.sbt.forkrun.PlayForkRun),Set(Atom(play.sbt.Play))), Clause(Atom(play.sbt.forkrun.PlayForkRun),Set(Atom(sbt.plugins.SerializersPlugin))), Clause(Atom(play.sbt.Play),Set(Atom(com.typesafe.sbt.packager.archetypes.JavaServerAppPackaging))), Clause(Atom(play.sbt.Play),Set(Atom(play.sbt.routes.RoutesCompiler))), Clause(Atom(play.sbt.Play),Set(Atom(play.twirl.sbt.SbtTwirl))), Clause(Atom(play.sbt.Play),Set(Atom(com.typesafe.sbt.jse.SbtJsTask))), Clause(Atom(play.sbt.PlayAkkaHttpServer),Set(Atom(play.sbt.Play))), Clause(Atom(play.sbt.PlayJava),Set(Atom(play.sbt.Play))), Clause(Atom(play.sbt.PlayLayoutPlugin),Set(Atom(play.sbt.Play))), Clause(Atom(play.sbt.PlayNettyServer),Set(Atom(play.sbt.Play))), Clause(Atom(play.sbt.PlayScala),Set(Atom(play.sbt.Play))), Clause(Atom(play.sbt.routes.RoutesCompiler),Set(Atom(sbt.plugins.JvmPlugin))), Clause(Atom(play.twirl.sbt.SbtTwirl),Set(Atom(sbt.plugins.JvmPlugin))), Clause(Atom(com.typesafe.sbt.packager.archetypes.AkkaAppPackaging),Set(Atom(com.typesafe.sbt.packager.archetypes.JavaAppPackaging))), Clause(Atom(com.typesafe.sbt.packager.archetypes.JavaAppPackaging),Set(Atom(com.typesafe.sbt.packager.windows.WindowsPlugin))), Clause(Atom(com.typesafe.sbt.packager.archetypes.JavaAppPackaging),Set(Atom(com.typesafe.sbt.packager.docker.DockerPlugin))), Clause(Atom(com.typesafe.sbt.packager.archetypes.JavaAppPackaging),Set(Atom(com.typesafe.sbt.packager.debian.DebianPlugin))), Clause(Atom(com.typesafe.sbt.packager.archetypes.JavaAppPackaging),Set(Atom(com.typesafe.sbt.packager.rpm.RpmPlugin))), Clause(Atom(com.typesafe.sbt.packager.archetypes.JavaServerAppPackaging),Set(Atom(com.typesafe.sbt.packager.archetypes.JavaAppPackaging))), Clause(Atom(com.typesafe.sbt.packager.archetypes.jar.ClasspathJarPlugin),Set(Atom(com.typesafe.sbt.packager.archetypes.JavaAppPackaging))), Clause(Atom(com.typesafe.sbt.packager.archetypes.jar.LauncherJarPlugin),Set(Atom(com.typesafe.sbt.packager.archetypes.JavaAppPackaging))), Clause(Atom(com.typesafe.sbt.packager.debian.DebianDeployPlugin),Set(Atom(com.typesafe.sbt.packager.debian.DebianPlugin))), Clause(Atom(com.typesafe.sbt.packager.debian.DebianPlugin),Set(Atom(com.typesafe.sbt.packager.linux.LinuxPlugin))), Clause(Atom(com.typesafe.sbt.packager.debian.JDebPackaging),Set(Atom(com.typesafe.sbt.packager.debian.DebianPlugin))), Clause(Atom(com.typesafe.sbt.packager.docker.DockerPlugin),Set(Atom(com.typesafe.sbt.packager.universal.UniversalPlugin))), Clause(Atom(com.typesafe.sbt.packager.jdkpackager.JDKPackagerDeployPlugin),Set(Atom(com.typesafe.sbt.packager.jdkpackager.JDKPackagerPlugin))), Clause(Atom(com.typesafe.sbt.packager.jdkpackager.JDKPackagerPlugin),Set(Atom(com.typesafe.sbt.packager.archetypes.JavaAppPackaging))), Clause(Atom(com.typesafe.sbt.packager.jdkpackager.JDKPackagerPlugin),Set(Atom(com.typesafe.sbt.packager.archetypes.jar.ClasspathJarPlugin))), Clause(Atom(com.typesafe.sbt.packager.linux.LinuxPlugin),Set(Atom(com.typesafe.sbt.packager.universal.UniversalPlugin))), Clause(Atom(com.typesafe.sbt.packager.rpm.RpmDeployPlugin),Set(Atom(com.typesafe.sbt.packager.rpm.RpmPlugin))), Clause(Atom(com.typesafe.sbt.packager.rpm.RpmPlugin),Set(Atom(com.typesafe.sbt.packager.linux.LinuxPlugin))), Clause(Atom(com.typesafe.sbt.packager.universal.UniversalDeployPlugin),Set(Atom(com.typesafe.sbt.packager.universal.UniversalPlugin))), Clause(Atom(com.typesafe.sbt.packager.universal.UniversalPlugin),Set(Atom(com.typesafe.sbt.SbtNativePackager))), Clause(Atom(com.typesafe.sbt.packager.windows.WindowsDeployPlugin),Set(Atom(com.typesafe.sbt.packager.windows.WindowsPlugin))), Clause(Atom(com.typesafe.sbt.packager.windows.WindowsPlugin),Set(Atom(com.typesafe.sbt.packager.universal.UniversalPlugin))), Clause(Atom(com.typesafe.sbt.web.SbtWeb),Set(Atom(sbt.plugins.JvmPlugin))), Clause(Atom(com.typesafe.sbt.jse.SbtJsEngine),Set(Atom(com.typesafe.sbt.web.SbtWeb))), Clause(Atom(com.typesafe.sbt.jse.SbtJsTask),Set(Atom(com.typesafe.sbt.jse.SbtJsEngine))), Clause(Atom(sbt.plugins.BackgroundRunPlugin),Set(Atom(sbt.plugins.JvmPlugin))), Clause(Atom(com.typesafe.sbt.coffeescript.SbtCoffeeScript),Set(Atom(com.typesafe.sbt.jse.SbtJsTask))), Clause(Atom(com.typesafe.sbt.less.SbtLess),Set(Atom(com.typesafe.sbt.jse.SbtJsTask))), Clause(Atom(com.typesafe.sbt.jshint.SbtJSHint),Set(Atom(com.typesafe.sbt.jse.SbtJsTask))), Clause(Atom(com.typesafe.sbt.rjs.SbtRjs),Set(Atom(com.typesafe.sbt.jse.SbtJsTask))), Clause(Atom(com.typesafe.sbt.digest.SbtDigest),Set(Atom(com.typesafe.sbt.web.SbtWeb))), Clause(Atom(com.typesafe.sbt.mocha.SbtMocha),Set(Atom(com.typesafe.sbt.jse.SbtJsTask))), Clause(Atom(sbt.plugins.CorePlugin),Set(Atom(sbt.plugins.IvyPlugin))), Clause(Atom(sbt.plugins.IvyPlugin),Set(Atom(sbt.plugins.JvmPlugin))), Clause(Atom(sbt.plugins.JvmPlugin),Set(Atom(sbt.plugins.JUnitXmlReportPlugin))), Clause(Atom(sbt.plugins.JvmPlugin),Set(Atom(com.typesafe.sbteclipse.plugin.EclipsePlugin))), Clause(And(Set(Atom(sbt.plugins.BackgroundRunPlugin), Atom(play.sbt.Play), Atom(sbt.plugins.SerializersPlugin))),Set(Atom(play.sbt.forkrun.PlayForkRun))), Clause(Atom(play.sbt.Play),Set(Atom(play.sbt.PlayLayoutPlugin))), Clause(Atom(play.sbt.Play),Set(Atom(play.sbt.PlayNettyServer))), Clause(Atom(com.typesafe.sbt.web.SbtWeb),Set(Atom(com.typesafe.sbt.jse.SbtJsEngine))), Clause(Atom(com.typesafe.sbt.jse.SbtJsEngine),Set(Atom(com.typesafe.sbt.jse.SbtJsTask))), Clause(Atom(sbt.plugins.JvmPlugin),Set(Atom(sbt.plugins.BackgroundRunPlugin))), Clause(Atom(sbt.plugins.CorePlugin),Set(Atom(sbt.plugins.InteractionServicePlugin))), Clause(Atom(sbt.plugins.CorePlugin),Set(Atom(sbt.plugins.SendEventServicePlugin))), Clause(Atom(sbt.plugins.CorePlugin),Set(Atom(sbt.plugins.SerializersPlugin))), Clause(Atom(com.typesafe.sbt.jse.SbtJsTask),Set(Atom(com.typesafe.sbt.coffeescript.SbtCoffeeScript))), Clause(Atom(com.typesafe.sbt.jse.SbtJsTask),Set(Atom(com.typesafe.sbt.less.SbtLess))), Clause(Atom(com.typesafe.sbt.jse.SbtJsTask),Set(Atom(com.typesafe.sbt.jshint.SbtJSHint))), Clause(Atom(com.typesafe.sbt.jse.SbtJsTask),Set(Atom(com.typesafe.sbt.rjs.SbtRjs))), Clause(Atom(com.typesafe.sbt.web.SbtWeb),Set(Atom(com.typesafe.sbt.digest.SbtDigest))), Clause(Atom(com.typesafe.sbt.jse.SbtJsTask),Set(Atom(com.typesafe.sbt.mocha.SbtMocha)))))
  :: deduced result: Matched(sbt.plugins.CorePlugin,play.sbt.PlayScala,sbt.plugins.InteractionServicePlugin,sbt.plugins.SendEventServicePlugin,play.sbt.Play,sbt.plugins.SerializersPlugin,sbt.plugins.IvyPlugin,com.typesafe.sbt.packager.archetypes.JavaServerAppPackaging,play.twirl.sbt.SbtTwirl,sbt.plugins.JvmPlugin,play.sbt.PlayNettyServer,play.sbt.routes.RoutesCompiler,com.typesafe.sbt.jse.SbtJsTask,com.typesafe.sbt.jshint.SbtJSHint,com.typesafe.sbteclipse.plugin.EclipsePlugin,com.typesafe.sbt.packager.archetypes.JavaAppPackaging,sbt.plugins.JUnitXmlReportPlugin,com.typesafe.sbt.mocha.SbtMocha,com.typesafe.sbt.less.SbtLess,com.typesafe.sbt.rjs.SbtRjs,com.typesafe.sbt.jse.SbtJsEngine,com.typesafe.sbt.coffeescript.SbtCoffeeScript,sbt.plugins.BackgroundRunPlugin,com.typesafe.sbt.packager.rpm.RpmPlugin,com.typesafe.sbt.packager.windows.WindowsPlugin,com.typesafe.sbt.web.SbtWeb,com.typesafe.sbt.packager.docker.DockerPlugin,play.sbt.forkrun.PlayForkRun,com.typesafe.sbt.packager.debian.DebianPlugin,com.typesafe.sbt.digest.SbtDigest,com.typesafe.sbt.packager.universal.UniversalPlugin,com.typesafe.sbt.packager.linux.LinuxPlugin,com.typesafe.sbt.SbtNativePackager)
sorting: ns: List(sbt.plugins.CorePlugin, play.sbt.PlayScala, sbt.plugins.InteractionServicePlugin, sbt.plugins.SendEventServicePlugin, play.sbt.Play, sbt.plugins.SerializersPlugin, sbt.plugins.IvyPlugin, com.typesafe.sbt.packager.archetypes.JavaServerAppPackaging, play.twirl.sbt.SbtTwirl, sbt.plugins.JvmPlugin, play.sbt.PlayNettyServer, play.sbt.routes.RoutesCompiler, com.typesafe.sbt.jse.SbtJsTask, com.typesafe.sbt.jshint.SbtJSHint, com.typesafe.sbteclipse.plugin.EclipsePlugin, com.typesafe.sbt.packager.archetypes.JavaAppPackaging, sbt.plugins.JUnitXmlReportPlugin, com.typesafe.sbt.mocha.SbtMocha, com.typesafe.sbt.less.SbtLess, com.typesafe.sbt.rjs.SbtRjs, com.typesafe.sbt.jse.SbtJsEngine, com.typesafe.sbt.coffeescript.SbtCoffeeScript, sbt.plugins.BackgroundRunPlugin, com.typesafe.sbt.packager.rpm.RpmPlugin, com.typesafe.sbt.packager.windows.WindowsPlugin, com.typesafe.sbt.web.SbtWeb, com.typesafe.sbt.packager.docker.DockerPlugin, play.sbt.forkrun.PlayForkRun, com.typesafe.sbt.packager.debian.DebianPlugin, com.typesafe.sbt.digest.SbtDigest, com.typesafe.sbt.packager.universal.UniversalPlugin, com.typesafe.sbt.packager.linux.LinuxPlugin, com.typesafe.sbt.SbtNativePackager)
  :: sorting:: found: List(sbt.plugins.CorePlugin, com.typesafe.sbt.SbtNativePackager) not found List(play.sbt.PlayScala, sbt.plugins.InteractionServicePlugin, sbt.plugins.SendEventServicePlugin, play.sbt.Play, sbt.plugins.SerializersPlugin, sbt.plugins.IvyPlugin, com.typesafe.sbt.packager.archetypes.JavaServerAppPackaging, play.twirl.sbt.SbtTwirl, sbt.plugins.JvmPlugin, play.sbt.PlayNettyServer, play.sbt.routes.RoutesCompiler, com.typesafe.sbt.jse.SbtJsTask, com.typesafe.sbt.jshint.SbtJSHint, com.typesafe.sbteclipse.plugin.EclipsePlugin, com.typesafe.sbt.packager.archetypes.JavaAppPackaging, sbt.plugins.JUnitXmlReportPlugin, com.typesafe.sbt.mocha.SbtMocha, com.typesafe.sbt.less.SbtLess, com.typesafe.sbt.rjs.SbtRjs, com.typesafe.sbt.jse.SbtJsEngine, com.typesafe.sbt.coffeescript.SbtCoffeeScript, sbt.plugins.BackgroundRunPlugin, com.typesafe.sbt.packager.rpm.RpmPlugin, com.typesafe.sbt.packager.windows.WindowsPlugin, com.typesafe.sbt.web.SbtWeb, com.typesafe.sbt.packager.docker.DockerPlugin, play.sbt.forkrun.PlayForkRun, com.typesafe.sbt.packager.debian.DebianPlugin, com.typesafe.sbt.digest.SbtDigest, com.typesafe.sbt.packager.universal.UniversalPlugin, com.typesafe.sbt.packager.linux.LinuxPlugin)
  :: sorting:: found: List(sbt.plugins.CorePlugin, com.typesafe.sbt.SbtNativePackager, sbt.plugins.InteractionServicePlugin, sbt.plugins.SendEventServicePlugin, sbt.plugins.SerializersPlugin, sbt.plugins.IvyPlugin, com.typesafe.sbt.packager.universal.UniversalPlugin) not found List(play.sbt.PlayScala, play.sbt.Play, com.typesafe.sbt.packager.archetypes.JavaServerAppPackaging, play.twirl.sbt.SbtTwirl, sbt.plugins.JvmPlugin, play.sbt.PlayNettyServer, play.sbt.routes.RoutesCompiler, com.typesafe.sbt.jse.SbtJsTask, com.typesafe.sbt.jshint.SbtJSHint, com.typesafe.sbteclipse.plugin.EclipsePlugin, com.typesafe.sbt.packager.archetypes.JavaAppPackaging, sbt.plugins.JUnitXmlReportPlugin, com.typesafe.sbt.mocha.SbtMocha, com.typesafe.sbt.less.SbtLess, com.typesafe.sbt.rjs.SbtRjs, com.typesafe.sbt.jse.SbtJsEngine, com.typesafe.sbt.coffeescript.SbtCoffeeScript, sbt.plugins.BackgroundRunPlugin, com.typesafe.sbt.packager.rpm.RpmPlugin, com.typesafe.sbt.packager.windows.WindowsPlugin, com.typesafe.sbt.web.SbtWeb, com.typesafe.sbt.packager.docker.DockerPlugin, play.sbt.forkrun.PlayForkRun, com.typesafe.sbt.packager.debian.DebianPlugin, com.typesafe.sbt.digest.SbtDigest, com.typesafe.sbt.packager.linux.LinuxPlugin)
  :: sorting:: found: List(sbt.plugins.CorePlugin, com.typesafe.sbt.SbtNativePackager, sbt.plugins.InteractionServicePlugin, sbt.plugins.SendEventServicePlugin, sbt.plugins.SerializersPlugin, sbt.plugins.IvyPlugin, com.typesafe.sbt.packager.universal.UniversalPlugin, sbt.plugins.JvmPlugin, com.typesafe.sbt.packager.windows.WindowsPlugin, com.typesafe.sbt.packager.docker.DockerPlugin, com.typesafe.sbt.packager.linux.LinuxPlugin) not found List(play.sbt.PlayScala, play.sbt.Play, com.typesafe.sbt.packager.archetypes.JavaServerAppPackaging, play.twirl.sbt.SbtTwirl, play.sbt.PlayNettyServer, play.sbt.routes.RoutesCompiler, com.typesafe.sbt.jse.SbtJsTask, com.typesafe.sbt.jshint.SbtJSHint, com.typesafe.sbteclipse.plugin.EclipsePlugin, com.typesafe.sbt.packager.archetypes.JavaAppPackaging, sbt.plugins.JUnitXmlReportPlugin, com.typesafe.sbt.mocha.SbtMocha, com.typesafe.sbt.less.SbtLess, com.typesafe.sbt.rjs.SbtRjs, com.typesafe.sbt.jse.SbtJsEngine, com.typesafe.sbt.coffeescript.SbtCoffeeScript, sbt.plugins.BackgroundRunPlugin, com.typesafe.sbt.packager.rpm.RpmPlugin, com.typesafe.sbt.web.SbtWeb, play.sbt.forkrun.PlayForkRun, com.typesafe.sbt.packager.debian.DebianPlugin, com.typesafe.sbt.digest.SbtDigest)
  :: sorting:: found: List(sbt.plugins.CorePlugin, com.typesafe.sbt.SbtNativePackager, sbt.plugins.InteractionServicePlugin, sbt.plugins.SendEventServicePlugin, sbt.plugins.SerializersPlugin, sbt.plugins.IvyPlugin, com.typesafe.sbt.packager.universal.UniversalPlugin, sbt.plugins.JvmPlugin, com.typesafe.sbt.packager.windows.WindowsPlugin, com.typesafe.sbt.packager.docker.DockerPlugin, com.typesafe.sbt.packager.linux.LinuxPlugin, play.twirl.sbt.SbtTwirl, play.sbt.routes.RoutesCompiler, com.typesafe.sbteclipse.plugin.EclipsePlugin, sbt.plugins.JUnitXmlReportPlugin, sbt.plugins.BackgroundRunPlugin, com.typesafe.sbt.packager.rpm.RpmPlugin, com.typesafe.sbt.web.SbtWeb, com.typesafe.sbt.packager.debian.DebianPlugin) not found List(play.sbt.PlayScala, play.sbt.Play, com.typesafe.sbt.packager.archetypes.JavaServerAppPackaging, play.sbt.PlayNettyServer, com.typesafe.sbt.jse.SbtJsTask, com.typesafe.sbt.jshint.SbtJSHint, com.typesafe.sbt.packager.archetypes.JavaAppPackaging, com.typesafe.sbt.mocha.SbtMocha, com.typesafe.sbt.less.SbtLess, com.typesafe.sbt.rjs.SbtRjs, com.typesafe.sbt.jse.SbtJsEngine, com.typesafe.sbt.coffeescript.SbtCoffeeScript, play.sbt.forkrun.PlayForkRun, com.typesafe.sbt.digest.SbtDigest)
  :: sorting:: found: List(sbt.plugins.CorePlugin, com.typesafe.sbt.SbtNativePackager, sbt.plugins.InteractionServicePlugin, sbt.plugins.SendEventServicePlugin, sbt.plugins.SerializersPlugin, sbt.plugins.IvyPlugin, com.typesafe.sbt.packager.universal.UniversalPlugin, sbt.plugins.JvmPlugin, com.typesafe.sbt.packager.windows.WindowsPlugin, com.typesafe.sbt.packager.docker.DockerPlugin, com.typesafe.sbt.packager.linux.LinuxPlugin, play.twirl.sbt.SbtTwirl, play.sbt.routes.RoutesCompiler, com.typesafe.sbteclipse.plugin.EclipsePlugin, sbt.plugins.JUnitXmlReportPlugin, sbt.plugins.BackgroundRunPlugin, com.typesafe.sbt.packager.rpm.RpmPlugin, com.typesafe.sbt.web.SbtWeb, com.typesafe.sbt.packager.debian.DebianPlugin, com.typesafe.sbt.packager.archetypes.JavaAppPackaging, com.typesafe.sbt.jse.SbtJsEngine, com.typesafe.sbt.digest.SbtDigest) not found List(play.sbt.PlayScala, play.sbt.Play, com.typesafe.sbt.packager.archetypes.JavaServerAppPackaging, play.sbt.PlayNettyServer, com.typesafe.sbt.jse.SbtJsTask, com.typesafe.sbt.jshint.SbtJSHint, com.typesafe.sbt.mocha.SbtMocha, com.typesafe.sbt.less.SbtLess, com.typesafe.sbt.rjs.SbtRjs, com.typesafe.sbt.coffeescript.SbtCoffeeScript, play.sbt.forkrun.PlayForkRun)
  :: sorting:: found: List(sbt.plugins.CorePlugin, com.typesafe.sbt.SbtNativePackager, sbt.plugins.InteractionServicePlugin, sbt.plugins.SendEventServicePlugin, sbt.plugins.SerializersPlugin, sbt.plugins.IvyPlugin, com.typesafe.sbt.packager.universal.UniversalPlugin, sbt.plugins.JvmPlugin, com.typesafe.sbt.packager.windows.WindowsPlugin, com.typesafe.sbt.packager.docker.DockerPlugin, com.typesafe.sbt.packager.linux.LinuxPlugin, play.twirl.sbt.SbtTwirl, play.sbt.routes.RoutesCompiler, com.typesafe.sbteclipse.plugin.EclipsePlugin, sbt.plugins.JUnitXmlReportPlugin, sbt.plugins.BackgroundRunPlugin, com.typesafe.sbt.packager.rpm.RpmPlugin, com.typesafe.sbt.web.SbtWeb, com.typesafe.sbt.packager.debian.DebianPlugin, com.typesafe.sbt.packager.archetypes.JavaAppPackaging, com.typesafe.sbt.jse.SbtJsEngine, com.typesafe.sbt.digest.SbtDigest, com.typesafe.sbt.packager.archetypes.JavaServerAppPackaging, com.typesafe.sbt.jse.SbtJsTask) not found List(play.sbt.PlayScala, play.sbt.Play, play.sbt.PlayNettyServer, com.typesafe.sbt.jshint.SbtJSHint, com.typesafe.sbt.mocha.SbtMocha, com.typesafe.sbt.less.SbtLess, com.typesafe.sbt.rjs.SbtRjs, com.typesafe.sbt.coffeescript.SbtCoffeeScript, play.sbt.forkrun.PlayForkRun)
  :: sorting:: found: List(sbt.plugins.CorePlugin, com.typesafe.sbt.SbtNativePackager, sbt.plugins.InteractionServicePlugin, sbt.plugins.SendEventServicePlugin, sbt.plugins.SerializersPlugin, sbt.plugins.IvyPlugin, com.typesafe.sbt.packager.universal.UniversalPlugin, sbt.plugins.JvmPlugin, com.typesafe.sbt.packager.windows.WindowsPlugin, com.typesafe.sbt.packager.docker.DockerPlugin, com.typesafe.sbt.packager.linux.LinuxPlugin, play.twirl.sbt.SbtTwirl, play.sbt.routes.RoutesCompiler, com.typesafe.sbteclipse.plugin.EclipsePlugin, sbt.plugins.JUnitXmlReportPlugin, sbt.plugins.BackgroundRunPlugin, com.typesafe.sbt.packager.rpm.RpmPlugin, com.typesafe.sbt.web.SbtWeb, com.typesafe.sbt.packager.debian.DebianPlugin, com.typesafe.sbt.packager.archetypes.JavaAppPackaging, com.typesafe.sbt.jse.SbtJsEngine, com.typesafe.sbt.digest.SbtDigest, com.typesafe.sbt.packager.archetypes.JavaServerAppPackaging, com.typesafe.sbt.jse.SbtJsTask, play.sbt.Play, com.typesafe.sbt.jshint.SbtJSHint, com.typesafe.sbt.mocha.SbtMocha, com.typesafe.sbt.less.SbtLess, com.typesafe.sbt.rjs.SbtRjs, com.typesafe.sbt.coffeescript.SbtCoffeeScript) not found List(play.sbt.PlayScala, play.sbt.PlayNettyServer, play.sbt.forkrun.PlayForkRun)
  :: sorting:: found: List(sbt.plugins.CorePlugin, com.typesafe.sbt.SbtNativePackager, sbt.plugins.InteractionServicePlugin, sbt.plugins.SendEventServicePlugin, sbt.plugins.SerializersPlugin, sbt.plugins.IvyPlugin, com.typesafe.sbt.packager.universal.UniversalPlugin, sbt.plugins.JvmPlugin, com.typesafe.sbt.packager.windows.WindowsPlugin, com.typesafe.sbt.packager.docker.DockerPlugin, com.typesafe.sbt.packager.linux.LinuxPlugin, play.twirl.sbt.SbtTwirl, play.sbt.routes.RoutesCompiler, com.typesafe.sbteclipse.plugin.EclipsePlugin, sbt.plugins.JUnitXmlReportPlugin, sbt.plugins.BackgroundRunPlugin, com.typesafe.sbt.packager.rpm.RpmPlugin, com.typesafe.sbt.web.SbtWeb, com.typesafe.sbt.packager.debian.DebianPlugin, com.typesafe.sbt.packager.archetypes.JavaAppPackaging, com.typesafe.sbt.jse.SbtJsEngine, com.typesafe.sbt.digest.SbtDigest, com.typesafe.sbt.packager.archetypes.JavaServerAppPackaging, com.typesafe.sbt.jse.SbtJsTask, play.sbt.Play, com.typesafe.sbt.jshint.SbtJSHint, com.typesafe.sbt.mocha.SbtMocha, com.typesafe.sbt.less.SbtLess, com.typesafe.sbt.rjs.SbtRjs, com.typesafe.sbt.coffeescript.SbtCoffeeScript, play.sbt.PlayScala, play.sbt.PlayNettyServer, play.sbt.forkrun.PlayForkRun) not found List()
  :: sorted deduced result: List(sbt.plugins.CorePlugin, com.typesafe.sbt.SbtNativePackager, sbt.plugins.InteractionServicePlugin, sbt.plugins.SendEventServicePlugin, sbt.plugins.SerializersPlugin, sbt.plugins.IvyPlugin, com.typesafe.sbt.packager.universal.UniversalPlugin, sbt.plugins.JvmPlugin, com.typesafe.sbt.packager.windows.WindowsPlugin, com.typesafe.sbt.packager.docker.DockerPlugin, com.typesafe.sbt.packager.linux.LinuxPlugin, play.twirl.sbt.SbtTwirl, play.sbt.routes.RoutesCompiler, com.typesafe.sbteclipse.plugin.EclipsePlugin, sbt.plugins.JUnitXmlReportPlugin, sbt.plugins.BackgroundRunPlugin, com.typesafe.sbt.packager.rpm.RpmPlugin, com.typesafe.sbt.web.SbtWeb, com.typesafe.sbt.packager.debian.DebianPlugin, com.typesafe.sbt.packager.archetypes.JavaAppPackaging, com.typesafe.sbt.jse.SbtJsEngine, com.typesafe.sbt.digest.SbtDigest, com.typesafe.sbt.packager.archetypes.JavaServerAppPackaging, com.typesafe.sbt.jse.SbtJsTask, play.sbt.Play, com.typesafe.sbt.jshint.SbtJSHint, com.typesafe.sbt.mocha.SbtMocha, com.typesafe.sbt.less.SbtLess, com.typesafe.sbt.rjs.SbtRjs, com.typesafe.sbt.coffeescript.SbtCoffeeScript, play.sbt.PlayScala, play.sbt.PlayNettyServer, play.sbt.forkrun.PlayForkRun)
[Loading] Done in C:\Users\LOICK\git\Projet3A, returning: (root)
Set current project to Projet3A (in build file:/C:/Users/LOICK/git/Projet3A/)
Reapplying settings...
Set current project to Projet3A (in build file:/C:/Users/LOICK/git/Projet3A/)
> iflast shell
> server-send-ready-for-request
> server-handle-next-server-request
> compile
Evaluating tasks: compile:compile
Running task... Cancel: sbt.server.ServerTaskCancellation@2b4161, check cycles: false

Initial source changes: 
	removed:Set()
	added: Set()
	modified: Set(C:\Users\LOICK\git\Projet3A\target\scala-2.11\routes\main\controllers\application\routes.java, C:\Users\LOICK\git\Projet3A\target\scala-2.11\twirl\main\views\html\addPage.template.scala, C:\Users\LOICK\git\Projet3A\target\scala-2.11\routes\main\router\Routes.scala, C:\Users\LOICK\git\Projet3A\target\scala-2.11\routes\main\router\RoutesPrefix.scala, C:\Users\LOICK\git\Projet3A\target\scala-2.11\twirl\main\views\html\aboutPage.template.scala, C:\Users\LOICK\git\Projet3A\target\scala-2.11\routes\main\controllers\application\javascript\JavaScriptReverseRoutes.scala, C:\Users\LOICK\git\Projet3A\src\main\scala\controllers\application\AddController.scala, C:\Users\LOICK\git\Projet3A\target\scala-2.11\twirl\main\views\html\mainTemplate.template.scala, C:\Users\LOICK\git\Projet3A\target\scala-2.11\routes\main\controllers\routes.java, C:\Users\LOICK\git\Projet3A\target\scala-2.11\twirl\main\views\html\homePage.template.scala, C:\Users\LOICK\git\Projet3A\target\scala-2.11\routes\main\controllers\ReverseRoutes.scala, C:\Users\LOICK\git\Projet3A\target\scala-2.11\twirl\main\views\html\contactPage.template.scala, C:\Users\LOICK\git\Projet3A\target\scala-2.11\twirl\main\views\html\searchPage.template.scala, C:\Users\LOICK\git\Projet3A\target\scala-2.11\routes\main\controllers\javascript\JavaScriptReverseRoutes.scala, C:\Users\LOICK\git\Projet3A\target\scala-2.11\routes\main\controllers\application\ReverseRoutes.scala)
Removed products: Set()
External API changes: API Changes: Set()
Modified binary dependencies: Set()
Initial directly invalidated sources: Set(C:\Users\LOICK\git\Projet3A\target\scala-2.11\routes\main\controllers\application\routes.java, C:\Users\LOICK\git\Projet3A\target\scala-2.11\twirl\main\views\html\addPage.template.scala, C:\Users\LOICK\git\Projet3A\target\scala-2.11\routes\main\router\Routes.scala, C:\Users\LOICK\git\Projet3A\target\scala-2.11\routes\main\router\RoutesPrefix.scala, C:\Users\LOICK\git\Projet3A\target\scala-2.11\twirl\main\views\html\aboutPage.template.scala, C:\Users\LOICK\git\Projet3A\target\scala-2.11\routes\main\controllers\application\javascript\JavaScriptReverseRoutes.scala, C:\Users\LOICK\git\Projet3A\src\main\scala\controllers\application\AddController.scala, C:\Users\LOICK\git\Projet3A\target\scala-2.11\twirl\main\views\html\mainTemplate.template.scala, C:\Users\LOICK\git\Projet3A\target\scala-2.11\routes\main\controllers\routes.java, C:\Users\LOICK\git\Projet3A\target\scala-2.11\twirl\main\views\html\homePage.template.scala, C:\Users\LOICK\git\Projet3A\target\scala-2.11\routes\main\controllers\ReverseRoutes.scala, C:\Users\LOICK\git\Projet3A\target\scala-2.11\twirl\main\views\html\contactPage.template.scala, C:\Users\LOICK\git\Projet3A\target\scala-2.11\twirl\main\views\html\searchPage.template.scala, C:\Users\LOICK\git\Projet3A\target\scala-2.11\routes\main\controllers\javascript\JavaScriptReverseRoutes.scala, C:\Users\LOICK\git\Projet3A\target\scala-2.11\routes\main\controllers\application\ReverseRoutes.scala)

Sources indirectly invalidated by:
	product: Set()
	binary dep: Set()
	external source: Set()
All initially invalidated sources: Set(C:\Users\LOICK\git\Projet3A\target\scala-2.11\routes\main\controllers\application\routes.java, C:\Users\LOICK\git\Projet3A\target\scala-2.11\twirl\main\views\html\addPage.template.scala, C:\Users\LOICK\git\Projet3A\target\scala-2.11\routes\main\router\Routes.scala, C:\Users\LOICK\git\Projet3A\target\scala-2.11\routes\main\router\RoutesPrefix.scala, C:\Users\LOICK\git\Projet3A\target\scala-2.11\twirl\main\views\html\aboutPage.template.scala, C:\Users\LOICK\git\Projet3A\target\scala-2.11\routes\main\controllers\application\javascript\JavaScriptReverseRoutes.scala, C:\Users\LOICK\git\Projet3A\src\main\scala\controllers\application\AddController.scala, C:\Users\LOICK\git\Projet3A\target\scala-2.11\twirl\main\views\html\mainTemplate.template.scala, C:\Users\LOICK\git\Projet3A\target\scala-2.11\routes\main\controllers\routes.java, C:\Users\LOICK\git\Projet3A\target\scala-2.11\twirl\main\views\html\homePage.template.scala, C:\Users\LOICK\git\Projet3A\target\scala-2.11\routes\main\controllers\ReverseRoutes.scala, C:\Users\LOICK\git\Projet3A\target\scala-2.11\twirl\main\views\html\contactPage.template.scala, C:\Users\LOICK\git\Projet3A\target\scala-2.11\twirl\main\views\html\searchPage.template.scala, C:\Users\LOICK\git\Projet3A\target\scala-2.11\routes\main\controllers\javascript\JavaScriptReverseRoutes.scala, C:\Users\LOICK\git\Projet3A\target\scala-2.11\routes\main\controllers\application\ReverseRoutes.scala)

Recompiling all 22 sources: invalidated sources (15) exceeded 50.0% of all sources
Read from stdout: Compiling 20 Scala sources and 2 Java sources to C:\Users\LOICK\git\Projet3A\target\scala-2.11\classes...
Compiling 20 Scala sources and 2 Java sources to C:\Users\LOICK\git\Projet3A\target\scala-2.11\classes...
Getting compiler-interface from component compiler for Scala 2.11.6
Other repositories:
Default repositories:
Getting compiler-interface from component compiler for Scala 2.11.6
Other repositories:
Default repositories:
Running cached compiler aa6bc2, interfacing (CompilerInterface) with Scala compiler version 2.11.6
Calling Scala compiler with arguments  (CompilerInterface):
	-deprecation
	-unchecked
	-encoding
	utf8
	-bootclasspath
	C:\Program Files (x86)\Java\jre1.8.0_45\lib\resources.jar;C:\Program Files (x86)\Java\jre1.8.0_45\lib\rt.jar;C:\Program Files (x86)\Java\jre1.8.0_45\lib\sunrsasign.jar;C:\Program Files (x86)\Java\jre1.8.0_45\lib\jsse.jar;C:\Program Files (x86)\Java\jre1.8.0_45\lib\jce.jar;C:\Program Files (x86)\Java\jre1.8.0_45\lib\charsets.jar;C:\Program Files (x86)\Java\jre1.8.0_45\lib\jfr.jar;C:\Program Files (x86)\Java\jre1.8.0_45\classes;C:\Users\LOICK\.ivy2\cache\org.scala-lang\scala-library\jars\scala-library-2.11.6.jar
	-classpath
	C:\Users\LOICK\git\Projet3A\target\scala-2.11\classes;C:\Users\LOICK\.ivy2\cache\com.typesafe.play\twirl-api_2.11\jars\twirl-api_2.11-1.1.1.jar;C:\Users\LOICK\.ivy2\cache\org.apache.commons\commons-lang3\jars\commons-lang3-3.4.jar;C:\Users\LOICK\.ivy2\cache\org.scala-lang.modules\scala-xml_2.11\bundles\scala-xml_2.11-1.0.1.jar;C:\Users\LOICK\.ivy2\cache\com.typesafe.play\play-server_2.11\jars\play-server_2.11-2.4.3.jar;C:\Users\LOICK\.ivy2\cache\com.typesafe.play\play_2.11\jars\play_2.11-2.4.3.jar;C:\Users\LOICK\.ivy2\cache\com.typesafe.play\build-link\jars\build-link-2.4.3.jar;C:\Users\LOICK\.ivy2\cache\com.typesafe.play\play-exceptions\jars\play-exceptions-2.4.3.jar;C:\Users\LOICK\.ivy2\cache\org.javassist\javassist\bundles\javassist-3.19.0-GA.jar;C:\Users\LOICK\.ivy2\cache\com.typesafe.play\play-iteratees_2.11\jars\play-iteratees_2.11-2.4.3.jar;C:\Users\LOICK\.ivy2\cache\org.scala-stm\scala-stm_2.11\jars\scala-stm_2.11-0.7.jar;C:\Users\LOICK\.ivy2\cache\com.typesafe\config\bundles\config-1.3.0.jar;C:\Users\LOICK\.ivy2\cache\com.typesafe.play\play-json_2.11\jars\play-json_2.11-2.4.3.jar;C:\Users\LOICK\.ivy2\cache\com.typesafe.play\play-functional_2.11\jars\play-functional_2.11-2.4.3.jar;C:\Users\LOICK\.ivy2\cache\com.typesafe.play\play-datacommons_2.11\jars\play-datacommons_2.11-2.4.3.jar;C:\Users\LOICK\.ivy2\cache\joda-time\joda-time\jars\joda-time-2.8.1.jar;C:\Users\LOICK\.ivy2\cache\org.joda\joda-convert\jars\joda-convert-1.7.jar;C:\Users\LOICK\.ivy2\cache\org.scala-lang\scala-reflect\jars\scala-reflect-2.11.6.jar;C:\Users\LOICK\.ivy2\cache\com.fasterxml.jackson.core\jackson-core\bundles\jackson-core-2.5.4.jar;C:\Users\LOICK\.ivy2\cache\com.fasterxml.jackson.core\jackson-annotations\bundles\jackson-annotations-2.5.4.jar;C:\Users\LOICK\.ivy2\cache\com.fasterxml.jackson.core\jackson-databind\bundles\jackson-databind-2.5.4.jar;C:\Users\LOICK\.ivy2\cache\com.fasterxml.jackson.datatype\jackson-datatype-jdk8\bundles\jackson-datatype-jdk8-2.5.4.jar;C:\Users\LOICK\.ivy2\cache\com.fasterxml.jackson.datatype\jackson-datatype-jsr310\bundles\jackson-datatype-jsr310-2.5.4.jar;C:\Users\LOICK\.ivy2\cache\com.typesafe.play\play-netty-utils\jars\play-netty-utils-2.4.3.jar;C:\Users\LOICK\.ivy2\cache\org.slf4j\slf4j-api\jars\slf4j-api-1.7.12.jar;C:\Users\LOICK\.ivy2\cache\org.slf4j\jul-to-slf4j\jars\jul-to-slf4j-1.7.12.jar;C:\Users\LOICK\.ivy2\cache\org.slf4j\jcl-over-slf4j\jars\jcl-over-slf4j-1.7.12.jar;C:\Users\LOICK\.ivy2\cache\org.scala-lang.modules\scala-parser-combinators_2.11\bundles\scala-parser-combinators_2.11-1.0.1.jar;C:\Users\LOICK\.ivy2\cache\ch.qos.logback\logback-core\jars\logback-core-1.1.3.jar;C:\Users\LOICK\.ivy2\cache\ch.qos.logback\logback-classic\jars\logback-classic-1.1.3.jar;C:\Users\LOICK\.ivy2\cache\com.typesafe.akka\akka-actor_2.11\jars\akka-actor_2.11-2.3.13.jar;C:\Users\LOICK\.ivy2\cache\com.typesafe.akka\akka-slf4j_2.11\jars\akka-slf4j_2.11-2.3.13.jar;C:\Users\LOICK\.ivy2\cache\commons-codec\commons-codec\jars\commons-codec-1.10.jar;C:\Users\LOICK\.ivy2\cache\xerces\xercesImpl\jars\xercesImpl-2.11.0.jar;C:\Users\LOICK\.ivy2\cache\xml-apis\xml-apis\jars\xml-apis-1.4.01.jar;C:\Users\LOICK\.ivy2\cache\javax.transaction\jta\jars\jta-1.1.jar;C:\Users\LOICK\.ivy2\cache\com.google.inject\guice\jars\guice-4.0.jar;C:\Users\LOICK\.ivy2\cache\javax.inject\javax.inject\jars\javax.inject-1.jar;C:\Users\LOICK\.ivy2\cache\aopalliance\aopalliance\jars\aopalliance-1.0.jar;C:\Users\LOICK\.ivy2\cache\com.google.inject.extensions\guice-assistedinject\jars\guice-assistedinject-4.0.jar;C:\Users\LOICK\.ivy2\cache\com.typesafe.play\play-netty-server_2.11\jars\play-netty-server_2.11-2.4.3.jar;C:\Users\LOICK\.ivy2\cache\io.netty\netty\bundles\netty-3.10.4.Final.jar;C:\Users\LOICK\.ivy2\cache\com.typesafe.netty\netty-http-pipelining\jars\netty-http-pipelining-1.1.4.jar;C:\Users\LOICK\.ivy2\cache\com.typesafe.play\play-jdbc_2.11\jars\play-jdbc_2.11-2.4.3.jar;C:\Users\LOICK\.ivy2\cache\com.typesafe.play\play-jdbc-api_2.11\jars\play-jdbc-api_2.11-2.4.3.jar;C:\Users\LOICK\.ivy2\cache\com.jolbox\bonecp\bundles\bonecp-0.8.0.RELEASE.jar;C:\Users\LOICK\.ivy2\cache\com.zaxxer\HikariCP\bundles\HikariCP-2.3.7.jar;C:\Users\LOICK\.ivy2\cache\com.h2database\h2\jars\h2-1.4.187.jar;C:\Users\LOICK\.ivy2\cache\tyrex\tyrex\jars\tyrex-1.0.1.jar;C:\Users\LOICK\.ivy2\cache\com.typesafe.play\play-cache_2.11\jars\play-cache_2.11-2.4.3.jar;C:\Users\LOICK\.ivy2\cache\net.sf.ehcache\ehcache-core\jars\ehcache-core-2.6.11.jar;C:\Users\LOICK\.ivy2\cache\com.typesafe.play\play-ws_2.11\jars\play-ws_2.11-2.4.3.jar;C:\Users\LOICK\.ivy2\cache\com.google.guava\guava\bundles\guava-18.0.jar;C:\Users\LOICK\.ivy2\cache\com.ning\async-http-client\jars\async-http-client-1.9.21.jar;C:\Users\LOICK\.ivy2\cache\oauth.signpost\signpost-core\jars\signpost-core-1.2.1.2.jar;C:\Users\LOICK\.ivy2\cache\oauth.signpost\signpost-commonshttp4\jars\signpost-commonshttp4-1.2.1.2.jar;C:\Users\LOICK\.ivy2\cache\org.apache.httpcomponents\httpcore\jars\httpcore-4.0.1.jar;C:\Users\LOICK\.ivy2\cache\org.apache.httpcomponents\httpclient\jars\httpclient-4.0.1.jar;C:\Users\LOICK\.ivy2\cache\commons-logging\commons-logging\jars\commons-logging-1.1.1.jar;C:\Users\LOICK\.ivy2\cache\com.typesafe.slick\slick_2.11\bundles\slick_2.11-3.1.0.jar;C:\Users\LOICK\.ivy2\cache\org.reactivestreams\reactive-streams\jars\reactive-streams-1.0.0.jar;C:\Users\LOICK\.ivy2\cache\com.typesafe.slick\slick-codegen_2.11\jars\slick-codegen_2.11-3.1.0.jar;C:\Users\LOICK\.ivy2\cache\mysql\mysql-connector-java\jars\mysql-connector-java-5.1.34.jar;C:\Users\LOICK\.ivy2\cache\org.slf4j\slf4j-nop\jars\slf4j-nop-1.6.4.jar;C:\Users\LOICK\.ivy2\cache\org.elasticsearch\elasticsearch\jars\elasticsearch-1.7.1.jar;C:\Users\LOICK\.ivy2\cache\org.apache.lucene\lucene-core\jars\lucene-core-4.10.4.jar;C:\Users\LOICK\.ivy2\cache\org.apache.lucene\lucene-analyzers-common\jars\lucene-analyzers-common-4.10.4.jar;C:\Users\LOICK\.ivy2\cache\org.apache.lucene\lucene-queries\jars\lucene-queries-4.10.4.jar;C:\Users\LOICK\.ivy2\cache\org.apache.lucene\lucene-memory\jars\lucene-memory-4.10.4.jar;C:\Users\LOICK\.ivy2\cache\org.apache.lucene\lucene-highlighter\jars\lucene-highlighter-4.10.4.jar;C:\Users\LOICK\.ivy2\cache\org.apache.lucene\lucene-queryparser\jars\lucene-queryparser-4.10.4.jar;C:\Users\LOICK\.ivy2\cache\org.apache.lucene\lucene-sandbox\jars\lucene-sandbox-4.10.4.jar;C:\Users\LOICK\.ivy2\cache\org.apache.lucene\lucene-suggest\jars\lucene-suggest-4.10.4.jar;C:\Users\LOICK\.ivy2\cache\org.apache.lucene\lucene-misc\jars\lucene-misc-4.10.4.jar;C:\Users\LOICK\.ivy2\cache\org.apache.lucene\lucene-join\jars\lucene-join-4.10.4.jar;C:\Users\LOICK\.ivy2\cache\org.apache.lucene\lucene-grouping\jars\lucene-grouping-4.10.4.jar;C:\Users\LOICK\.ivy2\cache\org.apache.lucene\lucene-spatial\jars\lucene-spatial-4.10.4.jar;C:\Users\LOICK\.ivy2\cache\com.spatial4j\spatial4j\bundles\spatial4j-0.4.1.jar;C:\Users\LOICK\.ivy2\cache\org.antlr\antlr-runtime\jars\antlr-runtime-3.5.jar;C:\Users\LOICK\.ivy2\cache\org.ow2.asm\asm\jars\asm-4.1.jar;C:\Users\LOICK\.ivy2\cache\org.ow2.asm\asm-commons\jars\asm-commons-4.1.jar;C:\Users\LOICK\.ivy2\cache\org.yaml\snakeyaml\bundles\snakeyaml-1.12.jar;C:\Users\LOICK\.ivy2\cache\com.lihaoyi\upickle_2.11\jars\upickle_2.11-0.3.6.jar;C:\Users\LOICK\.ivy2\cache\com.lihaoyi\derive_2.11\jars\derive_2.11-0.3.6.jar;C:\Users\LOICK\.ivy2\cache\org.spire-math\jawn-parser_2.11\jars\jawn-parser_2.11-0.7.0.jar;C:\Users\LOICK\.ivy2\cache\com.google.re2j\re2j\jars\re2j-1.1.jar;C:\Users\LOICK\.ivy2\cache\org.webjars.npm\foundation-sites\jars\foundation-sites-6.0.3.jar;C:\Users\LOICK\.ivy2\cache\org.webjars.npm\jquery\jars\jquery-2.1.4.jar;C:\Users\LOICK\.ivy2\cache\org.webjars.npm\what-input\jars\what-input-1.1.2.jar
Scala compilation took 15.785844298 s
Java compilation took 2.296716141 s
Java analysis took 0.122071195 s
Java compile + analysis took 2.46779922 s
New invalidations:
	Set()
Initial set of included nodes: Set()
Previously invalidated, but (transitively) depend on new invalidations:
	Set()
All newly invalidated sources after taking into account (previously) recompiled sources:Set()
Total time: 22 s, completed 6 janv. 2016 15:34:40
> server-post-command-cleanup
> server-handle-next-server-request
> {file:/C:/Users/LOICK/git/Projet3A/}root/compile:mainClass
Evaluating tasks: compile:mainClass
Running task... Cancel: sbt.server.ServerTaskCancellation@99d150, check cycles: false
Total time: 0 s, completed 6 janv. 2016 15:34:40
> server-post-command-cleanup
> server-handle-next-server-request
> {file:/C:/Users/LOICK/git/Projet3A/}root/compile:discoveredMainClasses
Evaluating tasks: compile:discoveredMainClasses
Running task... Cancel: sbt.server.ServerTaskCancellation@18cf7be, check cycles: false

Initial source changes: 
	removed:Set()
	added: Set()
	modified: Set()
Removed products: Set()
External API changes: API Changes: Set()
Modified binary dependencies: Set()
Initial directly invalidated sources: Set()

Sources indirectly invalidated by:
	product: Set()
	binary dep: Set()
	external source: Set()
All initially invalidated sources: Set()

Total time: 1 s, completed 6 janv. 2016 15:34:41
> server-post-command-cleanup
> server-handle-next-server-request
> {file:/C:/Users/LOICK/git/Projet3A/}root/compile:mainClass
Evaluating tasks: compile:mainClass
Running task... Cancel: sbt.server.ServerTaskCancellation@162f632, check cycles: false
Total time: 0 s, completed 6 janv. 2016 15:34:41
> server-post-command-cleanup
> server-handle-next-server-request
> {file:/C:/Users/LOICK/git/Projet3A/}root/compile:discoveredMainClasses
Evaluating tasks: compile:discoveredMainClasses
Running task... Cancel: sbt.server.ServerTaskCancellation@1202378, check cycles: false

Initial source changes: 
	removed:Set()
	added: Set()
	modified: Set()
Removed products: Set()
External API changes: API Changes: Set()
Modified binary dependencies: Set()
Initial directly invalidated sources: Set()

Sources indirectly invalidated by:
	product: Set()
	binary dep: Set()
	external source: Set()
All initially invalidated sources: Set()

Total time: 1 s, completed 6 janv. 2016 15:34:42
> server-post-command-cleanup
> server-handle-next-server-request
> backgroundRun
Evaluating tasks: compile:backgroundRun
Running task... Cancel: sbt.server.ServerTaskCancellation@8e32c2, check cycles: false
Total time: 0 s, completed 6 janv. 2016 15:35:13
> server-post-command-cleanup
> server-handle-next-server-request
> {file:/C:/Users/LOICK/git/Projet3A/}root/*:playForkConfig
Evaluating tasks: *:playForkConfig
Running task... Cancel: sbt.server.ServerTaskCancellation@109a092, check cycles: false
Total time: 1 s, completed 6 janv. 2016 15:35:18
> server-post-command-cleanup
> server-handle-next-server-request
> root/playForkNotifyStart http://localhost:9000
Evaluating tasks: *:playForkNotifyStart
Running task... Cancel: sbt.server.ServerTaskCancellation@7817b0, check cycles: false
Total time: 0 s, completed 6 janv. 2016 15:35:19
> server-post-command-cleanup
> server-handle-next-server-request
> {file:/C:/Users/LOICK/git/Projet3A/}root/*:playForkReload
Evaluating tasks: *:playForkReload
Running task... Cancel: sbt.server.ServerTaskCancellation@4a8c46, check cycles: false

Initial source changes: 
	removed:Set()
	added: Set()
	modified: Set()
Removed products: Set()
External API changes: API Changes: Set()
Modified binary dependencies: Set()
Initial directly invalidated sources: Set()

Sources indirectly invalidated by:
	product: Set()
	binary dep: Set()
	external source: Set()
All initially invalidated sources: Set()

Copy resource mappings: 
	(C:\Users\LOICK\git\Projet3A\src\main\resources\application.conf,C:\Users\LOICK\git\Projet3A\target\scala-2.11\classes\application.conf)
	(C:\Users\LOICK\git\Projet3A\src\main\resources\logback.xml,C:\Users\LOICK\git\Projet3A\target\scala-2.11\classes\logback.xml)
	(C:\Users\LOICK\git\Projet3A\src\main\resources\routes,C:\Users\LOICK\git\Projet3A\target\scala-2.11\classes\routes)
Warning: node.js detection failed, sbt will use the Rhino based Trireme JavaScript engine instead to run JavaScript assets compilation, which in some cases may be orders of magnitude slower than using node.js.
Total time: 4 s, completed 6 janv. 2016 15:35:35
> server-post-command-cleanup
> server-handle-next-server-request
> compile
Evaluating tasks: compile:compile
Running task... Cancel: sbt.server.ServerTaskCancellation@1e4f976, check cycles: false

Initial source changes: 
	removed:Set()
	added: Set()
	modified: Set(C:\Users\LOICK\git\Projet3A\src\main\scala\controllers\application\SearchController.scala)
Removed products: Set()
External API changes: API Changes: Set()
Modified binary dependencies: Set()
Initial directly invalidated sources: Set(C:\Users\LOICK\git\Projet3A\src\main\scala\controllers\application\SearchController.scala)

Sources indirectly invalidated by:
	product: Set()
	binary dep: Set()
	external source: Set()
All initially invalidated sources: Set(C:\Users\LOICK\git\Projet3A\src\main\scala\controllers\application\SearchController.scala)

Read from stdout: Compiling 1 Scala source to C:\Users\LOICK\git\Projet3A\target\scala-2.11\classes...
Compiling 1 Scala source to C:\Users\LOICK\git\Projet3A\target\scala-2.11\classes...
Getting compiler-interface from component compiler for Scala 2.11.6
Other repositories:
Default repositories:
Getting compiler-interface from component compiler for Scala 2.11.6
Other repositories:
Default repositories:
Running cached compiler 17ad2f1, interfacing (CompilerInterface) with Scala compiler version 2.11.6
Calling Scala compiler with arguments  (CompilerInterface):
	-deprecation
	-unchecked
	-encoding
	utf8
	-bootclasspath
	C:\Program Files (x86)\Java\jre1.8.0_45\lib\resources.jar;C:\Program Files (x86)\Java\jre1.8.0_45\lib\rt.jar;C:\Program Files (x86)\Java\jre1.8.0_45\lib\sunrsasign.jar;C:\Program Files (x86)\Java\jre1.8.0_45\lib\jsse.jar;C:\Program Files (x86)\Java\jre1.8.0_45\lib\jce.jar;C:\Program Files (x86)\Java\jre1.8.0_45\lib\charsets.jar;C:\Program Files (x86)\Java\jre1.8.0_45\lib\jfr.jar;C:\Program Files (x86)\Java\jre1.8.0_45\classes;C:\Users\LOICK\.ivy2\cache\org.scala-lang\scala-library\jars\scala-library-2.11.6.jar
	-classpath
	C:\Users\LOICK\git\Projet3A\target\scala-2.11\classes;C:\Users\LOICK\.ivy2\cache\com.typesafe.play\twirl-api_2.11\jars\twirl-api_2.11-1.1.1.jar;C:\Users\LOICK\.ivy2\cache\org.apache.commons\commons-lang3\jars\commons-lang3-3.4.jar;C:\Users\LOICK\.ivy2\cache\org.scala-lang.modules\scala-xml_2.11\bundles\scala-xml_2.11-1.0.1.jar;C:\Users\LOICK\.ivy2\cache\com.typesafe.play\play-server_2.11\jars\play-server_2.11-2.4.3.jar;C:\Users\LOICK\.ivy2\cache\com.typesafe.play\play_2.11\jars\play_2.11-2.4.3.jar;C:\Users\LOICK\.ivy2\cache\com.typesafe.play\build-link\jars\build-link-2.4.3.jar;C:\Users\LOICK\.ivy2\cache\com.typesafe.play\play-exceptions\jars\play-exceptions-2.4.3.jar;C:\Users\LOICK\.ivy2\cache\org.javassist\javassist\bundles\javassist-3.19.0-GA.jar;C:\Users\LOICK\.ivy2\cache\com.typesafe.play\play-iteratees_2.11\jars\play-iteratees_2.11-2.4.3.jar;C:\Users\LOICK\.ivy2\cache\org.scala-stm\scala-stm_2.11\jars\scala-stm_2.11-0.7.jar;C:\Users\LOICK\.ivy2\cache\com.typesafe\config\bundles\config-1.3.0.jar;C:\Users\LOICK\.ivy2\cache\com.typesafe.play\play-json_2.11\jars\play-json_2.11-2.4.3.jar;C:\Users\LOICK\.ivy2\cache\com.typesafe.play\play-functional_2.11\jars\play-functional_2.11-2.4.3.jar;C:\Users\LOICK\.ivy2\cache\com.typesafe.play\play-datacommons_2.11\jars\play-datacommons_2.11-2.4.3.jar;C:\Users\LOICK\.ivy2\cache\joda-time\joda-time\jars\joda-time-2.8.1.jar;C:\Users\LOICK\.ivy2\cache\org.joda\joda-convert\jars\joda-convert-1.7.jar;C:\Users\LOICK\.ivy2\cache\org.scala-lang\scala-reflect\jars\scala-reflect-2.11.6.jar;C:\Users\LOICK\.ivy2\cache\com.fasterxml.jackson.core\jackson-core\bundles\jackson-core-2.5.4.jar;C:\Users\LOICK\.ivy2\cache\com.fasterxml.jackson.core\jackson-annotations\bundles\jackson-annotations-2.5.4.jar;C:\Users\LOICK\.ivy2\cache\com.fasterxml.jackson.core\jackson-databind\bundles\jackson-databind-2.5.4.jar;C:\Users\LOICK\.ivy2\cache\com.fasterxml.jackson.datatype\jackson-datatype-jdk8\bundles\jackson-datatype-jdk8-2.5.4.jar;C:\Users\LOICK\.ivy2\cache\com.fasterxml.jackson.datatype\jackson-datatype-jsr310\bundles\jackson-datatype-jsr310-2.5.4.jar;C:\Users\LOICK\.ivy2\cache\com.typesafe.play\play-netty-utils\jars\play-netty-utils-2.4.3.jar;C:\Users\LOICK\.ivy2\cache\org.slf4j\slf4j-api\jars\slf4j-api-1.7.12.jar;C:\Users\LOICK\.ivy2\cache\org.slf4j\jul-to-slf4j\jars\jul-to-slf4j-1.7.12.jar;C:\Users\LOICK\.ivy2\cache\org.slf4j\jcl-over-slf4j\jars\jcl-over-slf4j-1.7.12.jar;C:\Users\LOICK\.ivy2\cache\org.scala-lang.modules\scala-parser-combinators_2.11\bundles\scala-parser-combinators_2.11-1.0.1.jar;C:\Users\LOICK\.ivy2\cache\ch.qos.logback\logback-core\jars\logback-core-1.1.3.jar;C:\Users\LOICK\.ivy2\cache\ch.qos.logback\logback-classic\jars\logback-classic-1.1.3.jar;C:\Users\LOICK\.ivy2\cache\com.typesafe.akka\akka-actor_2.11\jars\akka-actor_2.11-2.3.13.jar;C:\Users\LOICK\.ivy2\cache\com.typesafe.akka\akka-slf4j_2.11\jars\akka-slf4j_2.11-2.3.13.jar;C:\Users\LOICK\.ivy2\cache\commons-codec\commons-codec\jars\commons-codec-1.10.jar;C:\Users\LOICK\.ivy2\cache\xerces\xercesImpl\jars\xercesImpl-2.11.0.jar;C:\Users\LOICK\.ivy2\cache\xml-apis\xml-apis\jars\xml-apis-1.4.01.jar;C:\Users\LOICK\.ivy2\cache\javax.transaction\jta\jars\jta-1.1.jar;C:\Users\LOICK\.ivy2\cache\com.google.inject\guice\jars\guice-4.0.jar;C:\Users\LOICK\.ivy2\cache\javax.inject\javax.inject\jars\javax.inject-1.jar;C:\Users\LOICK\.ivy2\cache\aopalliance\aopalliance\jars\aopalliance-1.0.jar;C:\Users\LOICK\.ivy2\cache\com.google.inject.extensions\guice-assistedinject\jars\guice-assistedinject-4.0.jar;C:\Users\LOICK\.ivy2\cache\com.typesafe.play\play-netty-server_2.11\jars\play-netty-server_2.11-2.4.3.jar;C:\Users\LOICK\.ivy2\cache\io.netty\netty\bundles\netty-3.10.4.Final.jar;C:\Users\LOICK\.ivy2\cache\com.typesafe.netty\netty-http-pipelining\jars\netty-http-pipelining-1.1.4.jar;C:\Users\LOICK\.ivy2\cache\com.typesafe.play\play-jdbc_2.11\jars\play-jdbc_2.11-2.4.3.jar;C:\Users\LOICK\.ivy2\cache\com.typesafe.play\play-jdbc-api_2.11\jars\play-jdbc-api_2.11-2.4.3.jar;C:\Users\LOICK\.ivy2\cache\com.jolbox\bonecp\bundles\bonecp-0.8.0.RELEASE.jar;C:\Users\LOICK\.ivy2\cache\com.zaxxer\HikariCP\bundles\HikariCP-2.3.7.jar;C:\Users\LOICK\.ivy2\cache\com.h2database\h2\jars\h2-1.4.187.jar;C:\Users\LOICK\.ivy2\cache\tyrex\tyrex\jars\tyrex-1.0.1.jar;C:\Users\LOICK\.ivy2\cache\com.typesafe.play\play-cache_2.11\jars\play-cache_2.11-2.4.3.jar;C:\Users\LOICK\.ivy2\cache\net.sf.ehcache\ehcache-core\jars\ehcache-core-2.6.11.jar;C:\Users\LOICK\.ivy2\cache\com.typesafe.play\play-ws_2.11\jars\play-ws_2.11-2.4.3.jar;C:\Users\LOICK\.ivy2\cache\com.google.guava\guava\bundles\guava-18.0.jar;C:\Users\LOICK\.ivy2\cache\com.ning\async-http-client\jars\async-http-client-1.9.21.jar;C:\Users\LOICK\.ivy2\cache\oauth.signpost\signpost-core\jars\signpost-core-1.2.1.2.jar;C:\Users\LOICK\.ivy2\cache\oauth.signpost\signpost-commonshttp4\jars\signpost-commonshttp4-1.2.1.2.jar;C:\Users\LOICK\.ivy2\cache\org.apache.httpcomponents\httpcore\jars\httpcore-4.0.1.jar;C:\Users\LOICK\.ivy2\cache\org.apache.httpcomponents\httpclient\jars\httpclient-4.0.1.jar;C:\Users\LOICK\.ivy2\cache\commons-logging\commons-logging\jars\commons-logging-1.1.1.jar;C:\Users\LOICK\.ivy2\cache\com.typesafe.slick\slick_2.11\bundles\slick_2.11-3.1.0.jar;C:\Users\LOICK\.ivy2\cache\org.reactivestreams\reactive-streams\jars\reactive-streams-1.0.0.jar;C:\Users\LOICK\.ivy2\cache\com.typesafe.slick\slick-codegen_2.11\jars\slick-codegen_2.11-3.1.0.jar;C:\Users\LOICK\.ivy2\cache\mysql\mysql-connector-java\jars\mysql-connector-java-5.1.34.jar;C:\Users\LOICK\.ivy2\cache\org.slf4j\slf4j-nop\jars\slf4j-nop-1.6.4.jar;C:\Users\LOICK\.ivy2\cache\org.elasticsearch\elasticsearch\jars\elasticsearch-1.7.1.jar;C:\Users\LOICK\.ivy2\cache\org.apache.lucene\lucene-core\jars\lucene-core-4.10.4.jar;C:\Users\LOICK\.ivy2\cache\org.apache.lucene\lucene-analyzers-common\jars\lucene-analyzers-common-4.10.4.jar;C:\Users\LOICK\.ivy2\cache\org.apache.lucene\lucene-queries\jars\lucene-queries-4.10.4.jar;C:\Users\LOICK\.ivy2\cache\org.apache.lucene\lucene-memory\jars\lucene-memory-4.10.4.jar;C:\Users\LOICK\.ivy2\cache\org.apache.lucene\lucene-highlighter\jars\lucene-highlighter-4.10.4.jar;C:\Users\LOICK\.ivy2\cache\org.apache.lucene\lucene-queryparser\jars\lucene-queryparser-4.10.4.jar;C:\Users\LOICK\.ivy2\cache\org.apache.lucene\lucene-sandbox\jars\lucene-sandbox-4.10.4.jar;C:\Users\LOICK\.ivy2\cache\org.apache.lucene\lucene-suggest\jars\lucene-suggest-4.10.4.jar;C:\Users\LOICK\.ivy2\cache\org.apache.lucene\lucene-misc\jars\lucene-misc-4.10.4.jar;C:\Users\LOICK\.ivy2\cache\org.apache.lucene\lucene-join\jars\lucene-join-4.10.4.jar;C:\Users\LOICK\.ivy2\cache\org.apache.lucene\lucene-grouping\jars\lucene-grouping-4.10.4.jar;C:\Users\LOICK\.ivy2\cache\org.apache.lucene\lucene-spatial\jars\lucene-spatial-4.10.4.jar;C:\Users\LOICK\.ivy2\cache\com.spatial4j\spatial4j\bundles\spatial4j-0.4.1.jar;C:\Users\LOICK\.ivy2\cache\org.antlr\antlr-runtime\jars\antlr-runtime-3.5.jar;C:\Users\LOICK\.ivy2\cache\org.ow2.asm\asm\jars\asm-4.1.jar;C:\Users\LOICK\.ivy2\cache\org.ow2.asm\asm-commons\jars\asm-commons-4.1.jar;C:\Users\LOICK\.ivy2\cache\org.yaml\snakeyaml\bundles\snakeyaml-1.12.jar;C:\Users\LOICK\.ivy2\cache\com.lihaoyi\upickle_2.11\jars\upickle_2.11-0.3.6.jar;C:\Users\LOICK\.ivy2\cache\com.lihaoyi\derive_2.11\jars\derive_2.11-0.3.6.jar;C:\Users\LOICK\.ivy2\cache\org.spire-math\jawn-parser_2.11\jars\jawn-parser_2.11-0.7.0.jar;C:\Users\LOICK\.ivy2\cache\com.google.re2j\re2j\jars\re2j-1.1.jar;C:\Users\LOICK\.ivy2\cache\org.webjars.npm\foundation-sites\jars\foundation-sites-6.0.3.jar;C:\Users\LOICK\.ivy2\cache\org.webjars.npm\jquery\jars\jquery-2.1.4.jar;C:\Users\LOICK\.ivy2\cache\org.webjars.npm\what-input\jars\what-input-1.1.2.jar
Scala compilation took 2.64062218 s
New invalidations:
	Set()
Initial set of included nodes: Set()
Previously invalidated, but (transitively) depend on new invalidations:
	Set()
All newly invalidated sources after taking into account (previously) recompiled sources:Set()
Total time: 3 s, completed 6 janv. 2016 15:36:35
> server-post-command-cleanup
> server-handle-next-server-request
> compile
Evaluating tasks: compile:compile
Running task... Cancel: sbt.server.ServerTaskCancellation@15e2abc, check cycles: false

Initial source changes: 
	removed:Set()
	added: Set()
	modified: Set(C:\Users\LOICK\git\Projet3A\src\main\scala\controllers\application\SearchController.scala)
Removed products: Set()
External API changes: API Changes: Set()
Modified binary dependencies: Set()
Initial directly invalidated sources: Set(C:\Users\LOICK\git\Projet3A\src\main\scala\controllers\application\SearchController.scala)

Sources indirectly invalidated by:
	product: Set()
	binary dep: Set()
	external source: Set()
All initially invalidated sources: Set(C:\Users\LOICK\git\Projet3A\src\main\scala\controllers\application\SearchController.scala)

Read from stdout: Compiling 1 Scala source to C:\Users\LOICK\git\Projet3A\target\scala-2.11\classes...
Compiling 1 Scala source to C:\Users\LOICK\git\Projet3A\target\scala-2.11\classes...
Getting compiler-interface from component compiler for Scala 2.11.6
Other repositories:
Default repositories:
Getting compiler-interface from component compiler for Scala 2.11.6
Other repositories:
Default repositories:
Running cached compiler 57eaaa, interfacing (CompilerInterface) with Scala compiler version 2.11.6
Calling Scala compiler with arguments  (CompilerInterface):
	-deprecation
	-unchecked
	-encoding
	utf8
	-bootclasspath
	C:\Program Files (x86)\Java\jre1.8.0_45\lib\resources.jar;C:\Program Files (x86)\Java\jre1.8.0_45\lib\rt.jar;C:\Program Files (x86)\Java\jre1.8.0_45\lib\sunrsasign.jar;C:\Program Files (x86)\Java\jre1.8.0_45\lib\jsse.jar;C:\Program Files (x86)\Java\jre1.8.0_45\lib\jce.jar;C:\Program Files (x86)\Java\jre1.8.0_45\lib\charsets.jar;C:\Program Files (x86)\Java\jre1.8.0_45\lib\jfr.jar;C:\Program Files (x86)\Java\jre1.8.0_45\classes;C:\Users\LOICK\.ivy2\cache\org.scala-lang\scala-library\jars\scala-library-2.11.6.jar
	-classpath
	C:\Users\LOICK\git\Projet3A\target\scala-2.11\classes;C:\Users\LOICK\.ivy2\cache\com.typesafe.play\twirl-api_2.11\jars\twirl-api_2.11-1.1.1.jar;C:\Users\LOICK\.ivy2\cache\org.apache.commons\commons-lang3\jars\commons-lang3-3.4.jar;C:\Users\LOICK\.ivy2\cache\org.scala-lang.modules\scala-xml_2.11\bundles\scala-xml_2.11-1.0.1.jar;C:\Users\LOICK\.ivy2\cache\com.typesafe.play\play-server_2.11\jars\play-server_2.11-2.4.3.jar;C:\Users\LOICK\.ivy2\cache\com.typesafe.play\play_2.11\jars\play_2.11-2.4.3.jar;C:\Users\LOICK\.ivy2\cache\com.typesafe.play\build-link\jars\build-link-2.4.3.jar;C:\Users\LOICK\.ivy2\cache\com.typesafe.play\play-exceptions\jars\play-exceptions-2.4.3.jar;C:\Users\LOICK\.ivy2\cache\org.javassist\javassist\bundles\javassist-3.19.0-GA.jar;C:\Users\LOICK\.ivy2\cache\com.typesafe.play\play-iteratees_2.11\jars\play-iteratees_2.11-2.4.3.jar;C:\Users\LOICK\.ivy2\cache\org.scala-stm\scala-stm_2.11\jars\scala-stm_2.11-0.7.jar;C:\Users\LOICK\.ivy2\cache\com.typesafe\config\bundles\config-1.3.0.jar;C:\Users\LOICK\.ivy2\cache\com.typesafe.play\play-json_2.11\jars\play-json_2.11-2.4.3.jar;C:\Users\LOICK\.ivy2\cache\com.typesafe.play\play-functional_2.11\jars\play-functional_2.11-2.4.3.jar;C:\Users\LOICK\.ivy2\cache\com.typesafe.play\play-datacommons_2.11\jars\play-datacommons_2.11-2.4.3.jar;C:\Users\LOICK\.ivy2\cache\joda-time\joda-time\jars\joda-time-2.8.1.jar;C:\Users\LOICK\.ivy2\cache\org.joda\joda-convert\jars\joda-convert-1.7.jar;C:\Users\LOICK\.ivy2\cache\org.scala-lang\scala-reflect\jars\scala-reflect-2.11.6.jar;C:\Users\LOICK\.ivy2\cache\com.fasterxml.jackson.core\jackson-core\bundles\jackson-core-2.5.4.jar;C:\Users\LOICK\.ivy2\cache\com.fasterxml.jackson.core\jackson-annotations\bundles\jackson-annotations-2.5.4.jar;C:\Users\LOICK\.ivy2\cache\com.fasterxml.jackson.core\jackson-databind\bundles\jackson-databind-2.5.4.jar;C:\Users\LOICK\.ivy2\cache\com.fasterxml.jackson.datatype\jackson-datatype-jdk8\bundles\jackson-datatype-jdk8-2.5.4.jar;C:\Users\LOICK\.ivy2\cache\com.fasterxml.jackson.datatype\jackson-datatype-jsr310\bundles\jackson-datatype-jsr310-2.5.4.jar;C:\Users\LOICK\.ivy2\cache\com.typesafe.play\play-netty-utils\jars\play-netty-utils-2.4.3.jar;C:\Users\LOICK\.ivy2\cache\org.slf4j\slf4j-api\jars\slf4j-api-1.7.12.jar;C:\Users\LOICK\.ivy2\cache\org.slf4j\jul-to-slf4j\jars\jul-to-slf4j-1.7.12.jar;C:\Users\LOICK\.ivy2\cache\org.slf4j\jcl-over-slf4j\jars\jcl-over-slf4j-1.7.12.jar;C:\Users\LOICK\.ivy2\cache\org.scala-lang.modules\scala-parser-combinators_2.11\bundles\scala-parser-combinators_2.11-1.0.1.jar;C:\Users\LOICK\.ivy2\cache\ch.qos.logback\logback-core\jars\logback-core-1.1.3.jar;C:\Users\LOICK\.ivy2\cache\ch.qos.logback\logback-classic\jars\logback-classic-1.1.3.jar;C:\Users\LOICK\.ivy2\cache\com.typesafe.akka\akka-actor_2.11\jars\akka-actor_2.11-2.3.13.jar;C:\Users\LOICK\.ivy2\cache\com.typesafe.akka\akka-slf4j_2.11\jars\akka-slf4j_2.11-2.3.13.jar;C:\Users\LOICK\.ivy2\cache\commons-codec\commons-codec\jars\commons-codec-1.10.jar;C:\Users\LOICK\.ivy2\cache\xerces\xercesImpl\jars\xercesImpl-2.11.0.jar;C:\Users\LOICK\.ivy2\cache\xml-apis\xml-apis\jars\xml-apis-1.4.01.jar;C:\Users\LOICK\.ivy2\cache\javax.transaction\jta\jars\jta-1.1.jar;C:\Users\LOICK\.ivy2\cache\com.google.inject\guice\jars\guice-4.0.jar;C:\Users\LOICK\.ivy2\cache\javax.inject\javax.inject\jars\javax.inject-1.jar;C:\Users\LOICK\.ivy2\cache\aopalliance\aopalliance\jars\aopalliance-1.0.jar;C:\Users\LOICK\.ivy2\cache\com.google.inject.extensions\guice-assistedinject\jars\guice-assistedinject-4.0.jar;C:\Users\LOICK\.ivy2\cache\com.typesafe.play\play-netty-server_2.11\jars\play-netty-server_2.11-2.4.3.jar;C:\Users\LOICK\.ivy2\cache\io.netty\netty\bundles\netty-3.10.4.Final.jar;C:\Users\LOICK\.ivy2\cache\com.typesafe.netty\netty-http-pipelining\jars\netty-http-pipelining-1.1.4.jar;C:\Users\LOICK\.ivy2\cache\com.typesafe.play\play-jdbc_2.11\jars\play-jdbc_2.11-2.4.3.jar;C:\Users\LOICK\.ivy2\cache\com.typesafe.play\play-jdbc-api_2.11\jars\play-jdbc-api_2.11-2.4.3.jar;C:\Users\LOICK\.ivy2\cache\com.jolbox\bonecp\bundles\bonecp-0.8.0.RELEASE.jar;C:\Users\LOICK\.ivy2\cache\com.zaxxer\HikariCP\bundles\HikariCP-2.3.7.jar;C:\Users\LOICK\.ivy2\cache\com.h2database\h2\jars\h2-1.4.187.jar;C:\Users\LOICK\.ivy2\cache\tyrex\tyrex\jars\tyrex-1.0.1.jar;C:\Users\LOICK\.ivy2\cache\com.typesafe.play\play-cache_2.11\jars\play-cache_2.11-2.4.3.jar;C:\Users\LOICK\.ivy2\cache\net.sf.ehcache\ehcache-core\jars\ehcache-core-2.6.11.jar;C:\Users\LOICK\.ivy2\cache\com.typesafe.play\play-ws_2.11\jars\play-ws_2.11-2.4.3.jar;C:\Users\LOICK\.ivy2\cache\com.google.guava\guava\bundles\guava-18.0.jar;C:\Users\LOICK\.ivy2\cache\com.ning\async-http-client\jars\async-http-client-1.9.21.jar;C:\Users\LOICK\.ivy2\cache\oauth.signpost\signpost-core\jars\signpost-core-1.2.1.2.jar;C:\Users\LOICK\.ivy2\cache\oauth.signpost\signpost-commonshttp4\jars\signpost-commonshttp4-1.2.1.2.jar;C:\Users\LOICK\.ivy2\cache\org.apache.httpcomponents\httpcore\jars\httpcore-4.0.1.jar;C:\Users\LOICK\.ivy2\cache\org.apache.httpcomponents\httpclient\jars\httpclient-4.0.1.jar;C:\Users\LOICK\.ivy2\cache\commons-logging\commons-logging\jars\commons-logging-1.1.1.jar;C:\Users\LOICK\.ivy2\cache\com.typesafe.slick\slick_2.11\bundles\slick_2.11-3.1.0.jar;C:\Users\LOICK\.ivy2\cache\org.reactivestreams\reactive-streams\jars\reactive-streams-1.0.0.jar;C:\Users\LOICK\.ivy2\cache\com.typesafe.slick\slick-codegen_2.11\jars\slick-codegen_2.11-3.1.0.jar;C:\Users\LOICK\.ivy2\cache\mysql\mysql-connector-java\jars\mysql-connector-java-5.1.34.jar;C:\Users\LOICK\.ivy2\cache\org.slf4j\slf4j-nop\jars\slf4j-nop-1.6.4.jar;C:\Users\LOICK\.ivy2\cache\org.elasticsearch\elasticsearch\jars\elasticsearch-1.7.1.jar;C:\Users\LOICK\.ivy2\cache\org.apache.lucene\lucene-core\jars\lucene-core-4.10.4.jar;C:\Users\LOICK\.ivy2\cache\org.apache.lucene\lucene-analyzers-common\jars\lucene-analyzers-common-4.10.4.jar;C:\Users\LOICK\.ivy2\cache\org.apache.lucene\lucene-queries\jars\lucene-queries-4.10.4.jar;C:\Users\LOICK\.ivy2\cache\org.apache.lucene\lucene-memory\jars\lucene-memory-4.10.4.jar;C:\Users\LOICK\.ivy2\cache\org.apache.lucene\lucene-highlighter\jars\lucene-highlighter-4.10.4.jar;C:\Users\LOICK\.ivy2\cache\org.apache.lucene\lucene-queryparser\jars\lucene-queryparser-4.10.4.jar;C:\Users\LOICK\.ivy2\cache\org.apache.lucene\lucene-sandbox\jars\lucene-sandbox-4.10.4.jar;C:\Users\LOICK\.ivy2\cache\org.apache.lucene\lucene-suggest\jars\lucene-suggest-4.10.4.jar;C:\Users\LOICK\.ivy2\cache\org.apache.lucene\lucene-misc\jars\lucene-misc-4.10.4.jar;C:\Users\LOICK\.ivy2\cache\org.apache.lucene\lucene-join\jars\lucene-join-4.10.4.jar;C:\Users\LOICK\.ivy2\cache\org.apache.lucene\lucene-grouping\jars\lucene-grouping-4.10.4.jar;C:\Users\LOICK\.ivy2\cache\org.apache.lucene\lucene-spatial\jars\lucene-spatial-4.10.4.jar;C:\Users\LOICK\.ivy2\cache\com.spatial4j\spatial4j\bundles\spatial4j-0.4.1.jar;C:\Users\LOICK\.ivy2\cache\org.antlr\antlr-runtime\jars\antlr-runtime-3.5.jar;C:\Users\LOICK\.ivy2\cache\org.ow2.asm\asm\jars\asm-4.1.jar;C:\Users\LOICK\.ivy2\cache\org.ow2.asm\asm-commons\jars\asm-commons-4.1.jar;C:\Users\LOICK\.ivy2\cache\org.yaml\snakeyaml\bundles\snakeyaml-1.12.jar;C:\Users\LOICK\.ivy2\cache\com.lihaoyi\upickle_2.11\jars\upickle_2.11-0.3.6.jar;C:\Users\LOICK\.ivy2\cache\com.lihaoyi\derive_2.11\jars\derive_2.11-0.3.6.jar;C:\Users\LOICK\.ivy2\cache\org.spire-math\jawn-parser_2.11\jars\jawn-parser_2.11-0.7.0.jar;C:\Users\LOICK\.ivy2\cache\com.google.re2j\re2j\jars\re2j-1.1.jar;C:\Users\LOICK\.ivy2\cache\org.webjars.npm\foundation-sites\jars\foundation-sites-6.0.3.jar;C:\Users\LOICK\.ivy2\cache\org.webjars.npm\jquery\jars\jquery-2.1.4.jar;C:\Users\LOICK\.ivy2\cache\org.webjars.npm\what-input\jars\what-input-1.1.2.jar
Scala compilation took 2.299758215 s
New invalidations:
	Set()
Initial set of included nodes: Set()
Previously invalidated, but (transitively) depend on new invalidations:
	Set()
All newly invalidated sources after taking into account (previously) recompiled sources:Set()
Total time: 3 s, completed 6 janv. 2016 15:37:02
> server-post-command-cleanup
> server-handle-next-server-request
> {file:/C:/Users/LOICK/git/Projet3A/}root/*:playForkReload
Evaluating tasks: *:playForkReload
Running task... Cancel: sbt.server.ServerTaskCancellation@11da05, check cycles: false

Initial source changes: 
	removed:Set()
	added: Set()
	modified: Set()
Removed products: Set()
External API changes: API Changes: Set()
Modified binary dependencies: Set()
Initial directly invalidated sources: Set()

Sources indirectly invalidated by:
	product: Set()
	binary dep: Set()
	external source: Set()
All initially invalidated sources: Set()

Copy resource mappings: 
	(C:\Users\LOICK\git\Projet3A\src\main\resources\application.conf,C:\Users\LOICK\git\Projet3A\target\scala-2.11\classes\application.conf)
	(C:\Users\LOICK\git\Projet3A\src\main\resources\logback.xml,C:\Users\LOICK\git\Projet3A\target\scala-2.11\classes\logback.xml)
	(C:\Users\LOICK\git\Projet3A\src\main\resources\routes,C:\Users\LOICK\git\Projet3A\target\scala-2.11\classes\routes)
Total time: 5 s, completed 6 janv. 2016 15:41:45
> server-post-command-cleanup
> server-handle-next-server-request
> compile
Evaluating tasks: compile:compile
Running task... Cancel: sbt.server.ServerTaskCancellation@8c8ad0, check cycles: false

Initial source changes: 
	removed:Set()
	added: Set()
	modified: Set(C:\Users\LOICK\git\Projet3A\src\main\scala\controllers\application\SearchController.scala)
Removed products: Set()
External API changes: API Changes: Set()
Modified binary dependencies: Set()
Initial directly invalidated sources: Set(C:\Users\LOICK\git\Projet3A\src\main\scala\controllers\application\SearchController.scala)

Sources indirectly invalidated by:
	product: Set()
	binary dep: Set()
	external source: Set()
All initially invalidated sources: Set(C:\Users\LOICK\git\Projet3A\src\main\scala\controllers\application\SearchController.scala)

Read from stdout: Compiling 1 Scala source to C:\Users\LOICK\git\Projet3A\target\scala-2.11\classes...
Compiling 1 Scala source to C:\Users\LOICK\git\Projet3A\target\scala-2.11\classes...
Getting compiler-interface from component compiler for Scala 2.11.6
Other repositories:
Default repositories:
Getting compiler-interface from component compiler for Scala 2.11.6
Other repositories:
Default repositories:
Running cached compiler 753a7a, interfacing (CompilerInterface) with Scala compiler version 2.11.6
Calling Scala compiler with arguments  (CompilerInterface):
	-deprecation
	-unchecked
	-encoding
	utf8
	-bootclasspath
	C:\Program Files (x86)\Java\jre1.8.0_45\lib\resources.jar;C:\Program Files (x86)\Java\jre1.8.0_45\lib\rt.jar;C:\Program Files (x86)\Java\jre1.8.0_45\lib\sunrsasign.jar;C:\Program Files (x86)\Java\jre1.8.0_45\lib\jsse.jar;C:\Program Files (x86)\Java\jre1.8.0_45\lib\jce.jar;C:\Program Files (x86)\Java\jre1.8.0_45\lib\charsets.jar;C:\Program Files (x86)\Java\jre1.8.0_45\lib\jfr.jar;C:\Program Files (x86)\Java\jre1.8.0_45\classes;C:\Users\LOICK\.ivy2\cache\org.scala-lang\scala-library\jars\scala-library-2.11.6.jar
	-classpath
	C:\Users\LOICK\git\Projet3A\target\scala-2.11\classes;C:\Users\LOICK\.ivy2\cache\com.typesafe.play\twirl-api_2.11\jars\twirl-api_2.11-1.1.1.jar;C:\Users\LOICK\.ivy2\cache\org.apache.commons\commons-lang3\jars\commons-lang3-3.4.jar;C:\Users\LOICK\.ivy2\cache\org.scala-lang.modules\scala-xml_2.11\bundles\scala-xml_2.11-1.0.1.jar;C:\Users\LOICK\.ivy2\cache\com.typesafe.play\play-server_2.11\jars\play-server_2.11-2.4.3.jar;C:\Users\LOICK\.ivy2\cache\com.typesafe.play\play_2.11\jars\play_2.11-2.4.3.jar;C:\Users\LOICK\.ivy2\cache\com.typesafe.play\build-link\jars\build-link-2.4.3.jar;C:\Users\LOICK\.ivy2\cache\com.typesafe.play\play-exceptions\jars\play-exceptions-2.4.3.jar;C:\Users\LOICK\.ivy2\cache\org.javassist\javassist\bundles\javassist-3.19.0-GA.jar;C:\Users\LOICK\.ivy2\cache\com.typesafe.play\play-iteratees_2.11\jars\play-iteratees_2.11-2.4.3.jar;C:\Users\LOICK\.ivy2\cache\org.scala-stm\scala-stm_2.11\jars\scala-stm_2.11-0.7.jar;C:\Users\LOICK\.ivy2\cache\com.typesafe\config\bundles\config-1.3.0.jar;C:\Users\LOICK\.ivy2\cache\com.typesafe.play\play-json_2.11\jars\play-json_2.11-2.4.3.jar;C:\Users\LOICK\.ivy2\cache\com.typesafe.play\play-functional_2.11\jars\play-functional_2.11-2.4.3.jar;C:\Users\LOICK\.ivy2\cache\com.typesafe.play\play-datacommons_2.11\jars\play-datacommons_2.11-2.4.3.jar;C:\Users\LOICK\.ivy2\cache\joda-time\joda-time\jars\joda-time-2.8.1.jar;C:\Users\LOICK\.ivy2\cache\org.joda\joda-convert\jars\joda-convert-1.7.jar;C:\Users\LOICK\.ivy2\cache\org.scala-lang\scala-reflect\jars\scala-reflect-2.11.6.jar;C:\Users\LOICK\.ivy2\cache\com.fasterxml.jackson.core\jackson-core\bundles\jackson-core-2.5.4.jar;C:\Users\LOICK\.ivy2\cache\com.fasterxml.jackson.core\jackson-annotations\bundles\jackson-annotations-2.5.4.jar;C:\Users\LOICK\.ivy2\cache\com.fasterxml.jackson.core\jackson-databind\bundles\jackson-databind-2.5.4.jar;C:\Users\LOICK\.ivy2\cache\com.fasterxml.jackson.datatype\jackson-datatype-jdk8\bundles\jackson-datatype-jdk8-2.5.4.jar;C:\Users\LOICK\.ivy2\cache\com.fasterxml.jackson.datatype\jackson-datatype-jsr310\bundles\jackson-datatype-jsr310-2.5.4.jar;C:\Users\LOICK\.ivy2\cache\com.typesafe.play\play-netty-utils\jars\play-netty-utils-2.4.3.jar;C:\Users\LOICK\.ivy2\cache\org.slf4j\slf4j-api\jars\slf4j-api-1.7.12.jar;C:\Users\LOICK\.ivy2\cache\org.slf4j\jul-to-slf4j\jars\jul-to-slf4j-1.7.12.jar;C:\Users\LOICK\.ivy2\cache\org.slf4j\jcl-over-slf4j\jars\jcl-over-slf4j-1.7.12.jar;C:\Users\LOICK\.ivy2\cache\org.scala-lang.modules\scala-parser-combinators_2.11\bundles\scala-parser-combinators_2.11-1.0.1.jar;C:\Users\LOICK\.ivy2\cache\ch.qos.logback\logback-core\jars\logback-core-1.1.3.jar;C:\Users\LOICK\.ivy2\cache\ch.qos.logback\logback-classic\jars\logback-classic-1.1.3.jar;C:\Users\LOICK\.ivy2\cache\com.typesafe.akka\akka-actor_2.11\jars\akka-actor_2.11-2.3.13.jar;C:\Users\LOICK\.ivy2\cache\com.typesafe.akka\akka-slf4j_2.11\jars\akka-slf4j_2.11-2.3.13.jar;C:\Users\LOICK\.ivy2\cache\commons-codec\commons-codec\jars\commons-codec-1.10.jar;C:\Users\LOICK\.ivy2\cache\xerces\xercesImpl\jars\xercesImpl-2.11.0.jar;C:\Users\LOICK\.ivy2\cache\xml-apis\xml-apis\jars\xml-apis-1.4.01.jar;C:\Users\LOICK\.ivy2\cache\javax.transaction\jta\jars\jta-1.1.jar;C:\Users\LOICK\.ivy2\cache\com.google.inject\guice\jars\guice-4.0.jar;C:\Users\LOICK\.ivy2\cache\javax.inject\javax.inject\jars\javax.inject-1.jar;C:\Users\LOICK\.ivy2\cache\aopalliance\aopalliance\jars\aopalliance-1.0.jar;C:\Users\LOICK\.ivy2\cache\com.google.inject.extensions\guice-assistedinject\jars\guice-assistedinject-4.0.jar;C:\Users\LOICK\.ivy2\cache\com.typesafe.play\play-netty-server_2.11\jars\play-netty-server_2.11-2.4.3.jar;C:\Users\LOICK\.ivy2\cache\io.netty\netty\bundles\netty-3.10.4.Final.jar;C:\Users\LOICK\.ivy2\cache\com.typesafe.netty\netty-http-pipelining\jars\netty-http-pipelining-1.1.4.jar;C:\Users\LOICK\.ivy2\cache\com.typesafe.play\play-jdbc_2.11\jars\play-jdbc_2.11-2.4.3.jar;C:\Users\LOICK\.ivy2\cache\com.typesafe.play\play-jdbc-api_2.11\jars\play-jdbc-api_2.11-2.4.3.jar;C:\Users\LOICK\.ivy2\cache\com.jolbox\bonecp\bundles\bonecp-0.8.0.RELEASE.jar;C:\Users\LOICK\.ivy2\cache\com.zaxxer\HikariCP\bundles\HikariCP-2.3.7.jar;C:\Users\LOICK\.ivy2\cache\com.h2database\h2\jars\h2-1.4.187.jar;C:\Users\LOICK\.ivy2\cache\tyrex\tyrex\jars\tyrex-1.0.1.jar;C:\Users\LOICK\.ivy2\cache\com.typesafe.play\play-cache_2.11\jars\play-cache_2.11-2.4.3.jar;C:\Users\LOICK\.ivy2\cache\net.sf.ehcache\ehcache-core\jars\ehcache-core-2.6.11.jar;C:\Users\LOICK\.ivy2\cache\com.typesafe.play\play-ws_2.11\jars\play-ws_2.11-2.4.3.jar;C:\Users\LOICK\.ivy2\cache\com.google.guava\guava\bundles\guava-18.0.jar;C:\Users\LOICK\.ivy2\cache\com.ning\async-http-client\jars\async-http-client-1.9.21.jar;C:\Users\LOICK\.ivy2\cache\oauth.signpost\signpost-core\jars\signpost-core-1.2.1.2.jar;C:\Users\LOICK\.ivy2\cache\oauth.signpost\signpost-commonshttp4\jars\signpost-commonshttp4-1.2.1.2.jar;C:\Users\LOICK\.ivy2\cache\org.apache.httpcomponents\httpcore\jars\httpcore-4.0.1.jar;C:\Users\LOICK\.ivy2\cache\org.apache.httpcomponents\httpclient\jars\httpclient-4.0.1.jar;C:\Users\LOICK\.ivy2\cache\commons-logging\commons-logging\jars\commons-logging-1.1.1.jar;C:\Users\LOICK\.ivy2\cache\com.typesafe.slick\slick_2.11\bundles\slick_2.11-3.1.0.jar;C:\Users\LOICK\.ivy2\cache\org.reactivestreams\reactive-streams\jars\reactive-streams-1.0.0.jar;C:\Users\LOICK\.ivy2\cache\com.typesafe.slick\slick-codegen_2.11\jars\slick-codegen_2.11-3.1.0.jar;C:\Users\LOICK\.ivy2\cache\mysql\mysql-connector-java\jars\mysql-connector-java-5.1.34.jar;C:\Users\LOICK\.ivy2\cache\org.slf4j\slf4j-nop\jars\slf4j-nop-1.6.4.jar;C:\Users\LOICK\.ivy2\cache\org.elasticsearch\elasticsearch\jars\elasticsearch-1.7.1.jar;C:\Users\LOICK\.ivy2\cache\org.apache.lucene\lucene-core\jars\lucene-core-4.10.4.jar;C:\Users\LOICK\.ivy2\cache\org.apache.lucene\lucene-analyzers-common\jars\lucene-analyzers-common-4.10.4.jar;C:\Users\LOICK\.ivy2\cache\org.apache.lucene\lucene-queries\jars\lucene-queries-4.10.4.jar;C:\Users\LOICK\.ivy2\cache\org.apache.lucene\lucene-memory\jars\lucene-memory-4.10.4.jar;C:\Users\LOICK\.ivy2\cache\org.apache.lucene\lucene-highlighter\jars\lucene-highlighter-4.10.4.jar;C:\Users\LOICK\.ivy2\cache\org.apache.lucene\lucene-queryparser\jars\lucene-queryparser-4.10.4.jar;C:\Users\LOICK\.ivy2\cache\org.apache.lucene\lucene-sandbox\jars\lucene-sandbox-4.10.4.jar;C:\Users\LOICK\.ivy2\cache\org.apache.lucene\lucene-suggest\jars\lucene-suggest-4.10.4.jar;C:\Users\LOICK\.ivy2\cache\org.apache.lucene\lucene-misc\jars\lucene-misc-4.10.4.jar;C:\Users\LOICK\.ivy2\cache\org.apache.lucene\lucene-join\jars\lucene-join-4.10.4.jar;C:\Users\LOICK\.ivy2\cache\org.apache.lucene\lucene-grouping\jars\lucene-grouping-4.10.4.jar;C:\Users\LOICK\.ivy2\cache\org.apache.lucene\lucene-spatial\jars\lucene-spatial-4.10.4.jar;C:\Users\LOICK\.ivy2\cache\com.spatial4j\spatial4j\bundles\spatial4j-0.4.1.jar;C:\Users\LOICK\.ivy2\cache\org.antlr\antlr-runtime\jars\antlr-runtime-3.5.jar;C:\Users\LOICK\.ivy2\cache\org.ow2.asm\asm\jars\asm-4.1.jar;C:\Users\LOICK\.ivy2\cache\org.ow2.asm\asm-commons\jars\asm-commons-4.1.jar;C:\Users\LOICK\.ivy2\cache\org.yaml\snakeyaml\bundles\snakeyaml-1.12.jar;C:\Users\LOICK\.ivy2\cache\com.lihaoyi\upickle_2.11\jars\upickle_2.11-0.3.6.jar;C:\Users\LOICK\.ivy2\cache\com.lihaoyi\derive_2.11\jars\derive_2.11-0.3.6.jar;C:\Users\LOICK\.ivy2\cache\org.spire-math\jawn-parser_2.11\jars\jawn-parser_2.11-0.7.0.jar;C:\Users\LOICK\.ivy2\cache\com.google.re2j\re2j\jars\re2j-1.1.jar;C:\Users\LOICK\.ivy2\cache\org.webjars.npm\foundation-sites\jars\foundation-sites-6.0.3.jar;C:\Users\LOICK\.ivy2\cache\org.webjars.npm\jquery\jars\jquery-2.1.4.jar;C:\Users\LOICK\.ivy2\cache\org.webjars.npm\what-input\jars\what-input-1.1.2.jar
Scala compilation took 2.548127153 s
New invalidations:
	Set()
Initial set of included nodes: Set()
Previously invalidated, but (transitively) depend on new invalidations:
	Set()
All newly invalidated sources after taking into account (previously) recompiled sources:Set()
Total time: 3 s, completed 6 janv. 2016 15:43:44
> server-post-command-cleanup
> server-handle-next-server-request
> {file:/C:/Users/LOICK/git/Projet3A/}root/*:playForkReload
Evaluating tasks: *:playForkReload
Running task... Cancel: sbt.server.ServerTaskCancellation@ed0295, check cycles: false

Initial source changes: 
	removed:Set()
	added: Set()
	modified: Set()
Removed products: Set()
External API changes: API Changes: Set()
Modified binary dependencies: Set()
Initial directly invalidated sources: Set()

Sources indirectly invalidated by:
	product: Set()
	binary dep: Set()
	external source: Set()
All initially invalidated sources: Set()

Copy resource mappings: 
	(C:\Users\LOICK\git\Projet3A\src\main\resources\application.conf,C:\Users\LOICK\git\Projet3A\target\scala-2.11\classes\application.conf)
	(C:\Users\LOICK\git\Projet3A\src\main\resources\logback.xml,C:\Users\LOICK\git\Projet3A\target\scala-2.11\classes\logback.xml)
	(C:\Users\LOICK\git\Projet3A\src\main\resources\routes,C:\Users\LOICK\git\Projet3A\target\scala-2.11\classes\routes)
Total time: 4 s, completed 6 janv. 2016 15:47:15
> server-post-command-cleanup
> server-handle-next-server-request
